

================================================================
== Vitis HLS Report for 'backward_input_2_1_ap_fixed_16_6_4_0_0_Pipeline_BWD_I'
================================================================
* Date:           Sun Nov  9 16:02:12 2025

* Version:        2024.1 (Build 5069499 on May 21 2024)
* Project:        eclair
* Solution:       solution (Vivado IP Flow Target)
* Product family: virtexuplus
* Target device:  xcvu13p-flga2577-2-e


================================================================
== Performance Estimates
================================================================
+ Timing: 
    * Summary: 
    +--------+---------+----------+------------+
    |  Clock |  Target | Estimated| Uncertainty|
    +--------+---------+----------+------------+
    |ap_clk  |  5.00 ns|  3.467 ns|     1.35 ns|
    +--------+---------+----------+------------+

+ Latency: 
    * Summary: 
    +---------+---------+-----------+-----------+-----+-----+-----------------------------------------------+
    |  Latency (cycles) |   Latency (absolute)  |  Interval |                    Pipeline                   |
    |   min   |   max   |    min    |    max    | min | max |                      Type                     |
    +---------+---------+-----------+-----------+-----+-----+-----------------------------------------------+
    |       10|       10|  50.000 ns|  50.000 ns|    9|    9|  loop auto-rewind stp(delay=0 clock cycles(s))|
    +---------+---------+-----------+-----------+-----+-----+-----------------------------------------------+

    + Detail: 
        * Instance: 
        N/A

        * Loop: 
        +----------+---------+---------+----------+-----------+-----------+------+----------+
        |          |  Latency (cycles) | Iteration|  Initiation Interval  | Trip |          |
        | Loop Name|   min   |   max   |  Latency |  achieved |   target  | Count| Pipelined|
        +----------+---------+---------+----------+-----------+-----------+------+----------+
        |- BWD_I   |        8|        8|         5|          3|          1|     2|       yes|
        +----------+---------+---------+----------+-----------+-----------+------+----------+



================================================================
== Utilization Estimates
================================================================
* Summary: 
+---------------------+---------+-------+---------+---------+------+
|         Name        | BRAM_18K|  DSP  |    FF   |   LUT   | URAM |
+---------------------+---------+-------+---------+---------+------+
|DSP                  |        -|      -|        -|        -|     -|
|Expression           |        -|      -|        0|      676|     -|
|FIFO                 |        -|      -|        -|        -|     -|
|Instance             |        -|      4|        0|      180|     -|
|Memory               |        -|      -|       48|      196|     -|
|Multiplexer          |        -|      -|        0|      825|     -|
|Register             |        -|      -|      291|        -|     -|
+---------------------+---------+-------+---------+---------+------+
|Total                |        0|      4|      339|     1877|     0|
+---------------------+---------+-------+---------+---------+------+
|Available SLR        |     1344|   3072|   864000|   432000|   320|
+---------------------+---------+-------+---------+---------+------+
|Utilization SLR (%)  |        0|     ~0|       ~0|       ~0|     0|
+---------------------+---------+-------+---------+---------+------+
|Available            |     5376|  12288|  3456000|  1728000|  1280|
+---------------------+---------+-------+---------+---------+------+
|Utilization (%)      |        0|     ~0|       ~0|       ~0|     0|
+---------------------+---------+-------+---------+---------+------+

+ Detail: 
    * Instance: 
    +--------------------------+----------------------+---------+----+---+----+-----+
    |         Instance         |        Module        | BRAM_18K| DSP| FF| LUT| URAM|
    +--------------------------+----------------------+---------+----+---+----+-----+
    |mul_10ns_16s_26_1_1_U2    |mul_10ns_16s_26_1_1   |        0|   1|  0|   5|    0|
    |mul_10ns_16s_26_1_1_U7    |mul_10ns_16s_26_1_1   |        0|   1|  0|   5|    0|
    |mul_8ns_16s_24_1_1_U1     |mul_8ns_16s_24_1_1    |        0|   1|  0|   5|    0|
    |mul_8ns_16s_24_1_1_U10    |mul_8ns_16s_24_1_1    |        0|   1|  0|   5|    0|
    |sparsemux_9_2_16_1_1_U3   |sparsemux_9_2_16_1_1  |        0|   0|  0|  20|    0|
    |sparsemux_9_2_16_1_1_U4   |sparsemux_9_2_16_1_1  |        0|   0|  0|  20|    0|
    |sparsemux_9_2_16_1_1_U5   |sparsemux_9_2_16_1_1  |        0|   0|  0|  20|    0|
    |sparsemux_9_2_16_1_1_U6   |sparsemux_9_2_16_1_1  |        0|   0|  0|  20|    0|
    |sparsemux_9_2_16_1_1_U8   |sparsemux_9_2_16_1_1  |        0|   0|  0|  20|    0|
    |sparsemux_9_2_16_1_1_U9   |sparsemux_9_2_16_1_1  |        0|   0|  0|  20|    0|
    |sparsemux_9_2_16_1_1_U11  |sparsemux_9_2_16_1_1  |        0|   0|  0|  20|    0|
    |sparsemux_9_2_16_1_1_U12  |sparsemux_9_2_16_1_1  |        0|   0|  0|  20|    0|
    +--------------------------+----------------------+---------+----+---+----+-----+
    |Total                     |                      |        0|   4|  0| 180|    0|
    +--------------------------+----------------------+---------+----+---+----+-----+

    * DSP: 
    N/A

    * Memory: 
    +----------+-------------------------------------------------------------------------------+---------+----+----+-----+------+-----+------+-------------+
    |  Memory  |                                     Module                                    | BRAM_18K| FF | LUT| URAM| Words| Bits| Banks| W*Bits*Banks|
    +----------+-------------------------------------------------------------------------------+---------+----+----+-----+------+-----+------+-------------+
    |LUT_B0_U  |backward_input_2_1_ap_fixed_16_6_4_0_0_Pipeline_BWD_I_LUT_B0_ROM_1P_LUTRAM_1R  |        0|   8|  33|    0|   256|    8|     1|         2048|
    |LUT_B1_U  |backward_input_2_1_ap_fixed_16_6_4_0_0_Pipeline_BWD_I_LUT_B1_ROM_1P_LUTRAM_1R  |        0|  16|  65|    0|   256|   10|     1|         2560|
    |LUT_B2_U  |backward_input_2_1_ap_fixed_16_6_4_0_0_Pipeline_BWD_I_LUT_B2_ROM_1P_LUTRAM_1R  |        0|  16|  65|    0|   256|   10|     1|         2560|
    |LUT_B3_U  |backward_input_2_1_ap_fixed_16_6_4_0_0_Pipeline_BWD_I_LUT_B3_ROM_1P_LUTRAM_1R  |        0|   8|  33|    0|   256|    8|     1|         2048|
    +----------+-------------------------------------------------------------------------------+---------+----+----+-----+------+-----+------+-------------+
    |Total     |                                                                               |        0|  48| 196|    0|  1024|   36|     4|         9216|
    +----------+-------------------------------------------------------------------------------+---------+----+----+-----+------+-----+------+-------------+

    * FIFO: 
    N/A

    * Expression: 
    +-------------------------+----------+----+---+----+------------+------------+
    |      Variable Name      | Operation| DSP| FF| LUT| Bitwidth P0| Bitwidth P1|
    +-------------------------+----------+----+---+----+------------+------------+
    |add_ln104_fu_736_p2      |         +|   0|  0|   9|           2|           1|
    |add_ln112_fu_1157_p2     |         +|   0|  0|  23|          16|          16|
    |add_ln113_1_fu_1307_p2   |         +|   0|  0|  23|          16|          16|
    |add_ln113_fu_661_p2      |         +|   0|  0|  10|           3|           1|
    |add_ln114_1_fu_1457_p2   |         +|   0|  0|  23|          16|          16|
    |add_ln114_fu_686_p2      |         +|   0|  0|  10|           3|           2|
    |add_ln115_1_fu_1607_p2   |         +|   0|  0|  23|          16|          16|
    |add_ln115_fu_711_p2      |         +|   0|  0|  10|           3|           2|
    |sub_ln112_fu_812_p2      |         -|   0|  0|  34|          27|          27|
    |sub_ln113_fu_897_p2      |         -|   0|  0|  34|          27|          27|
    |sub_ln114_fu_985_p2      |         -|   0|  0|  34|          27|          27|
    |sub_ln115_fu_1078_p2     |         -|   0|  0|  34|          27|          27|
    |and_ln112_1_fu_1215_p2   |       and|   0|  0|   2|           1|           1|
    |and_ln112_2_fu_1233_p2   |       and|   0|  0|   2|           1|           1|
    |and_ln112_fu_1147_p2     |       and|   0|  0|   2|           1|           1|
    |and_ln113_1_fu_1365_p2   |       and|   0|  0|   2|           1|           1|
    |and_ln113_2_fu_1383_p2   |       and|   0|  0|   2|           1|           1|
    |and_ln113_fu_1297_p2     |       and|   0|  0|   2|           1|           1|
    |and_ln114_1_fu_1515_p2   |       and|   0|  0|   2|           1|           1|
    |and_ln114_2_fu_1533_p2   |       and|   0|  0|   2|           1|           1|
    |and_ln114_fu_1447_p2     |       and|   0|  0|   2|           1|           1|
    |and_ln115_1_fu_1665_p2   |       and|   0|  0|   2|           1|           1|
    |and_ln115_2_fu_1683_p2   |       and|   0|  0|   2|           1|           1|
    |and_ln115_fu_1597_p2     |       and|   0|  0|   2|           1|           1|
    |ap_condition_1904        |       and|   0|  0|   2|           1|           1|
    |ap_condition_1907        |       and|   0|  0|   2|           1|           1|
    |icmp_ln104_fu_584_p2     |      icmp|   0|  0|  10|           2|           3|
    |icmp_ln108_fu_590_p2     |      icmp|   0|  0|   9|           2|           1|
    |icmp_ln112_1_fu_824_p2   |      icmp|   0|  0|   9|           2|           1|
    |icmp_ln112_3_fu_1121_p2  |      icmp|   0|  0|  16|           9|           1|
    |icmp_ln112_fu_818_p2     |      icmp|   0|  0|  33|          26|          26|
    |icmp_ln113_1_fu_1271_p2  |      icmp|   0|  0|  16|           9|           1|
    |icmp_ln113_fu_903_p2     |      icmp|   0|  0|  33|          26|          26|
    |icmp_ln114_1_fu_1421_p2  |      icmp|   0|  0|  16|           9|           1|
    |icmp_ln114_fu_991_p2     |      icmp|   0|  0|  33|          26|          26|
    |icmp_ln115_1_fu_1571_p2  |      icmp|   0|  0|  16|           9|           1|
    |icmp_ln115_fu_1084_p2    |      icmp|   0|  0|  33|          26|          26|
    |or_ln112_1_fu_1209_p2    |        or|   0|  0|   2|           1|           1|
    |or_ln112_2_fu_1239_p2    |        or|   0|  0|   2|           1|           1|
    |or_ln112_3_fu_1185_p2    |        or|   0|  0|   2|           1|           1|
    |or_ln112_4_fu_1221_p2    |        or|   0|  0|   2|           1|           1|
    |or_ln112_fu_1141_p2      |        or|   0|  0|   2|           1|           1|
    |or_ln113_1_fu_1359_p2    |        or|   0|  0|   2|           1|           1|
    |or_ln113_2_fu_1389_p2    |        or|   0|  0|   2|           1|           1|
    |or_ln113_3_fu_1335_p2    |        or|   0|  0|   2|           1|           1|
    |or_ln113_4_fu_1371_p2    |        or|   0|  0|   2|           1|           1|
    |or_ln113_fu_1291_p2      |        or|   0|  0|   2|           1|           1|
    |or_ln114_1_fu_1509_p2    |        or|   0|  0|   2|           1|           1|
    |or_ln114_2_fu_1539_p2    |        or|   0|  0|   2|           1|           1|
    |or_ln114_3_fu_1485_p2    |        or|   0|  0|   2|           1|           1|
    |or_ln114_4_fu_1521_p2    |        or|   0|  0|   2|           1|           1|
    |or_ln114_fu_1441_p2      |        or|   0|  0|   2|           1|           1|
    |or_ln115_1_fu_1659_p2    |        or|   0|  0|   2|           1|           1|
    |or_ln115_2_fu_1689_p2    |        or|   0|  0|   2|           1|           1|
    |or_ln115_3_fu_1635_p2    |        or|   0|  0|   2|           1|           1|
    |or_ln115_4_fu_1671_p2    |        or|   0|  0|   2|           1|           1|
    |or_ln115_fu_1591_p2      |        or|   0|  0|   2|           1|           1|
    |k_fu_596_p3              |    select|   0|  0|   3|           1|           3|
    |select_ln112_fu_787_p3   |    select|   0|  0|  16|           1|          16|
    |select_ln113_fu_875_p3   |    select|   0|  0|  16|           1|          16|
    |select_ln114_fu_962_p3   |    select|   0|  0|  16|           1|          16|
    |select_ln115_fu_1051_p3  |    select|   0|  0|  16|           1|          16|
    |u_index_fu_616_p3        |    select|   0|  0|   8|           1|           8|
    |ap_enable_pp0            |       xor|   0|  0|   2|           1|           2|
    |xor_ln112_1_fu_1191_p2   |       xor|   0|  0|   2|           1|           2|
    |xor_ln112_2_fu_1197_p2   |       xor|   0|  0|   2|           1|           2|
    |xor_ln112_3_fu_1203_p2   |       xor|   0|  0|   2|           1|           1|
    |xor_ln112_4_fu_1227_p2   |       xor|   0|  0|   2|           1|           2|
    |xor_ln112_fu_1179_p2     |       xor|   0|  0|   2|           1|           2|
    |xor_ln113_1_fu_1341_p2   |       xor|   0|  0|   2|           1|           2|
    |xor_ln113_2_fu_1347_p2   |       xor|   0|  0|   2|           1|           2|
    |xor_ln113_3_fu_1353_p2   |       xor|   0|  0|   2|           1|           1|
    |xor_ln113_4_fu_1377_p2   |       xor|   0|  0|   2|           1|           2|
    |xor_ln113_fu_1329_p2     |       xor|   0|  0|   2|           1|           2|
    |xor_ln114_1_fu_1491_p2   |       xor|   0|  0|   2|           1|           2|
    |xor_ln114_2_fu_1497_p2   |       xor|   0|  0|   2|           1|           2|
    |xor_ln114_3_fu_1503_p2   |       xor|   0|  0|   2|           1|           1|
    |xor_ln114_4_fu_1527_p2   |       xor|   0|  0|   2|           1|           2|
    |xor_ln114_fu_1479_p2     |       xor|   0|  0|   2|           1|           2|
    |xor_ln115_1_fu_1641_p2   |       xor|   0|  0|   2|           1|           2|
    |xor_ln115_2_fu_1647_p2   |       xor|   0|  0|   2|           1|           2|
    |xor_ln115_3_fu_1653_p2   |       xor|   0|  0|   2|           1|           1|
    |xor_ln115_4_fu_1677_p2   |       xor|   0|  0|   2|           1|           2|
    |xor_ln115_fu_1629_p2     |       xor|   0|  0|   2|           1|           2|
    +-------------------------+----------+----+---+----+------------+------------+
    |Total                    |          |   0|  0| 676|         390|         438|
    +-------------------------+----------+----+---+----+------------+------------+

    * Multiplexer: 
    +----------------------------------------------------------------------------------------------+----+-----------+-----+-----------+
    |                                             Name                                             | LUT| Input Size| Bits| Total Bits|
    +----------------------------------------------------------------------------------------------+----+-----------+-----+-----------+
    |ap_NS_fsm                                                                                     |  20|          4|    1|          4|
    |ap_done_int                                                                                   |   9|          2|    1|          2|
    |ap_enable_reg_pp0_iter0                                                                       |   9|          2|    1|          2|
    |ap_enable_reg_pp0_iter1                                                                       |   9|          2|    1|          2|
    |ap_sig_allocacmp_i_1                                                                          |   9|          2|    2|          4|
    |i_fu_124                                                                                      |   9|          2|    2|          4|
    |p_ZZ6eclairPK8ap_fixedILi16ELi6EL9ap_q_mode4EL9ap_o_mode0ELi0EEPS2_S4_E1P_0_0_address0_local  |  26|          5|    1|          5|
    |p_ZZ6eclairPK8ap_fixedILi16ELi6EL9ap_q_mode4EL9ap_o_mode0ELi0EEPS2_S4_E1P_0_0_address1_local  |  26|          5|    1|          5|
    |p_ZZ6eclairPK8ap_fixedILi16ELi6EL9ap_q_mode4EL9ap_o_mode0ELi0EEPS2_S4_E1P_0_0_d1_local        |  43|          8|   16|        128|
    |p_ZZ6eclairPK8ap_fixedILi16ELi6EL9ap_q_mode4EL9ap_o_mode0ELi0EEPS2_S4_E1P_0_1_address0_local  |  26|          5|    1|          5|
    |p_ZZ6eclairPK8ap_fixedILi16ELi6EL9ap_q_mode4EL9ap_o_mode0ELi0EEPS2_S4_E1P_0_1_address1_local  |  26|          5|    1|          5|
    |p_ZZ6eclairPK8ap_fixedILi16ELi6EL9ap_q_mode4EL9ap_o_mode0ELi0EEPS2_S4_E1P_0_1_d1_local        |  43|          8|   16|        128|
    |p_ZZ6eclairPK8ap_fixedILi16ELi6EL9ap_q_mode4EL9ap_o_mode0ELi0EEPS2_S4_E1P_0_2_address0_local  |  26|          5|    1|          5|
    |p_ZZ6eclairPK8ap_fixedILi16ELi6EL9ap_q_mode4EL9ap_o_mode0ELi0EEPS2_S4_E1P_0_2_address1_local  |  26|          5|    1|          5|
    |p_ZZ6eclairPK8ap_fixedILi16ELi6EL9ap_q_mode4EL9ap_o_mode0ELi0EEPS2_S4_E1P_0_2_d1_local        |  43|          8|   16|        128|
    |p_ZZ6eclairPK8ap_fixedILi16ELi6EL9ap_q_mode4EL9ap_o_mode0ELi0EEPS2_S4_E1P_0_3_address0_local  |  26|          5|    1|          5|
    |p_ZZ6eclairPK8ap_fixedILi16ELi6EL9ap_q_mode4EL9ap_o_mode0ELi0EEPS2_S4_E1P_0_3_address1_local  |  26|          5|    1|          5|
    |p_ZZ6eclairPK8ap_fixedILi16ELi6EL9ap_q_mode4EL9ap_o_mode0ELi0EEPS2_S4_E1P_0_3_d1_local        |  43|          8|   16|        128|
    |p_ZZ6eclairPK8ap_fixedILi16ELi6EL9ap_q_mode4EL9ap_o_mode0ELi0EEPS2_S4_E1P_1_0_address0_local  |  26|          5|    1|          5|
    |p_ZZ6eclairPK8ap_fixedILi16ELi6EL9ap_q_mode4EL9ap_o_mode0ELi0EEPS2_S4_E1P_1_0_address1_local  |  26|          5|    1|          5|
    |p_ZZ6eclairPK8ap_fixedILi16ELi6EL9ap_q_mode4EL9ap_o_mode0ELi0EEPS2_S4_E1P_1_0_d1_local        |  43|          8|   16|        128|
    |p_ZZ6eclairPK8ap_fixedILi16ELi6EL9ap_q_mode4EL9ap_o_mode0ELi0EEPS2_S4_E1P_1_1_address0_local  |  26|          5|    1|          5|
    |p_ZZ6eclairPK8ap_fixedILi16ELi6EL9ap_q_mode4EL9ap_o_mode0ELi0EEPS2_S4_E1P_1_1_address1_local  |  26|          5|    1|          5|
    |p_ZZ6eclairPK8ap_fixedILi16ELi6EL9ap_q_mode4EL9ap_o_mode0ELi0EEPS2_S4_E1P_1_1_d1_local        |  43|          8|   16|        128|
    |p_ZZ6eclairPK8ap_fixedILi16ELi6EL9ap_q_mode4EL9ap_o_mode0ELi0EEPS2_S4_E1P_1_2_address0_local  |  26|          5|    1|          5|
    |p_ZZ6eclairPK8ap_fixedILi16ELi6EL9ap_q_mode4EL9ap_o_mode0ELi0EEPS2_S4_E1P_1_2_address1_local  |  26|          5|    1|          5|
    |p_ZZ6eclairPK8ap_fixedILi16ELi6EL9ap_q_mode4EL9ap_o_mode0ELi0EEPS2_S4_E1P_1_2_d1_local        |  43|          8|   16|        128|
    |p_ZZ6eclairPK8ap_fixedILi16ELi6EL9ap_q_mode4EL9ap_o_mode0ELi0EEPS2_S4_E1P_1_3_address0_local  |  26|          5|    1|          5|
    |p_ZZ6eclairPK8ap_fixedILi16ELi6EL9ap_q_mode4EL9ap_o_mode0ELi0EEPS2_S4_E1P_1_3_address1_local  |  26|          5|    1|          5|
    |p_ZZ6eclairPK8ap_fixedILi16ELi6EL9ap_q_mode4EL9ap_o_mode0ELi0EEPS2_S4_E1P_1_3_d1_local        |  43|          8|   16|        128|
    +----------------------------------------------------------------------------------------------+----+-----------+-----+-----------+
    |Total                                                                                         | 825|        158|  152|       1122|
    +----------------------------------------------------------------------------------------------+----+-----------+-----+-----------+

    * Register: 
    +----------------------------------------------------------------------------------------------+----+----+-----+-----------+
    |                                             Name                                             | FF | LUT| Bits| Const Bits|
    +----------------------------------------------------------------------------------------------+----+----+-----+-----------+
    |LUT_B2_load_reg_1884                                                                          |  10|   0|   10|          0|
    |LUT_B3_load_reg_1937                                                                          |   8|   0|    8|          0|
    |and_ln112_1_reg_2046                                                                          |   1|   0|    1|          0|
    |and_ln112_2_reg_2050                                                                          |   1|   0|    1|          0|
    |and_ln113_1_reg_2058                                                                          |   1|   0|    1|          0|
    |and_ln113_2_reg_2062                                                                          |   1|   0|    1|          0|
    |and_ln114_1_reg_2070                                                                          |   1|   0|    1|          0|
    |and_ln114_2_reg_2074                                                                          |   1|   0|    1|          0|
    |and_ln115_1_reg_2082                                                                          |   1|   0|    1|          0|
    |and_ln115_2_reg_2086                                                                          |   1|   0|    1|          0|
    |ap_CS_fsm                                                                                     |   3|   0|    3|          0|
    |ap_done_reg                                                                                   |   1|   0|    1|          0|
    |ap_enable_reg_pp0_iter0_reg                                                                   |   1|   0|    1|          0|
    |ap_enable_reg_pp0_iter1                                                                       |   1|   0|    1|          0|
    |delta_2_cast2_cast_reg_1702                                                                   |  26|   0|   26|          0|
    |delta_2_cast_cast_reg_1708                                                                    |  24|   0|   24|          0|
    |i_1_reg_1714                                                                                  |   2|   0|    2|          0|
    |i_fu_124                                                                                      |   2|   0|    2|          0|
    |icmp_ln104_reg_1720                                                                           |   1|   0|    1|          0|
    |icmp_ln108_reg_1724                                                                           |   1|   0|    1|          0|
    |icmp_ln112_1_reg_2003                                                                         |   1|   0|    1|          0|
    |k_reg_1732                                                                                    |   3|   0|    3|          0|
    |mul_ln112_reg_1776                                                                            |  24|   0|   24|          0|
    |mul_ln113_reg_1830                                                                            |  26|   0|   26|          0|
    |or_ln112_2_reg_2054                                                                           |   1|   0|    1|          0|
    |or_ln113_2_reg_2066                                                                           |   1|   0|    1|          0|
    |or_ln114_2_reg_2078                                                                           |   1|   0|    1|          0|
    |or_ln115_2_reg_2090                                                                           |   1|   0|    1|          0|
    |p_ZZ6eclairPK8ap_fixedILi16ELi6EL9ap_q_mode4EL9ap_o_mode0ELi0EEPS2_S4_E1P_0_0_add_4_reg_1889  |   1|   0|    1|          0|
    |p_ZZ6eclairPK8ap_fixedILi16ELi6EL9ap_q_mode4EL9ap_o_mode0ELi0EEPS2_S4_E1P_0_0_add_5_reg_1836  |   1|   0|    1|          0|
    |p_ZZ6eclairPK8ap_fixedILi16ELi6EL9ap_q_mode4EL9ap_o_mode0ELi0EEPS2_S4_E1P_0_0_add_6_reg_1782  |   1|   0|    1|          0|
    |p_ZZ6eclairPK8ap_fixedILi16ELi6EL9ap_q_mode4EL9ap_o_mode0ELi0EEPS2_S4_E1P_0_0_add_reg_1942    |   1|   0|    1|          0|
    |p_ZZ6eclairPK8ap_fixedILi16ELi6EL9ap_q_mode4EL9ap_o_mode0ELi0EEPS2_S4_E1P_0_1_add_4_reg_1895  |   1|   0|    1|          0|
    |p_ZZ6eclairPK8ap_fixedILi16ELi6EL9ap_q_mode4EL9ap_o_mode0ELi0EEPS2_S4_E1P_0_1_add_5_reg_1842  |   1|   0|    1|          0|
    |p_ZZ6eclairPK8ap_fixedILi16ELi6EL9ap_q_mode4EL9ap_o_mode0ELi0EEPS2_S4_E1P_0_1_add_6_reg_1788  |   1|   0|    1|          0|
    |p_ZZ6eclairPK8ap_fixedILi16ELi6EL9ap_q_mode4EL9ap_o_mode0ELi0EEPS2_S4_E1P_0_1_add_reg_1948    |   1|   0|    1|          0|
    |p_ZZ6eclairPK8ap_fixedILi16ELi6EL9ap_q_mode4EL9ap_o_mode0ELi0EEPS2_S4_E1P_0_2_add_4_reg_1901  |   1|   0|    1|          0|
    |p_ZZ6eclairPK8ap_fixedILi16ELi6EL9ap_q_mode4EL9ap_o_mode0ELi0EEPS2_S4_E1P_0_2_add_5_reg_1848  |   1|   0|    1|          0|
    |p_ZZ6eclairPK8ap_fixedILi16ELi6EL9ap_q_mode4EL9ap_o_mode0ELi0EEPS2_S4_E1P_0_2_add_6_reg_1794  |   1|   0|    1|          0|
    |p_ZZ6eclairPK8ap_fixedILi16ELi6EL9ap_q_mode4EL9ap_o_mode0ELi0EEPS2_S4_E1P_0_2_add_reg_1954    |   1|   0|    1|          0|
    |p_ZZ6eclairPK8ap_fixedILi16ELi6EL9ap_q_mode4EL9ap_o_mode0ELi0EEPS2_S4_E1P_0_3_add_4_reg_1907  |   1|   0|    1|          0|
    |p_ZZ6eclairPK8ap_fixedILi16ELi6EL9ap_q_mode4EL9ap_o_mode0ELi0EEPS2_S4_E1P_0_3_add_5_reg_1854  |   1|   0|    1|          0|
    |p_ZZ6eclairPK8ap_fixedILi16ELi6EL9ap_q_mode4EL9ap_o_mode0ELi0EEPS2_S4_E1P_0_3_add_6_reg_1800  |   1|   0|    1|          0|
    |p_ZZ6eclairPK8ap_fixedILi16ELi6EL9ap_q_mode4EL9ap_o_mode0ELi0EEPS2_S4_E1P_0_3_add_reg_1960    |   1|   0|    1|          0|
    |p_ZZ6eclairPK8ap_fixedILi16ELi6EL9ap_q_mode4EL9ap_o_mode0ELi0EEPS2_S4_E1P_1_0_add_4_reg_1913  |   1|   0|    1|          0|
    |p_ZZ6eclairPK8ap_fixedILi16ELi6EL9ap_q_mode4EL9ap_o_mode0ELi0EEPS2_S4_E1P_1_0_add_5_reg_1860  |   1|   0|    1|          0|
    |p_ZZ6eclairPK8ap_fixedILi16ELi6EL9ap_q_mode4EL9ap_o_mode0ELi0EEPS2_S4_E1P_1_0_add_6_reg_1806  |   1|   0|    1|          0|
    |p_ZZ6eclairPK8ap_fixedILi16ELi6EL9ap_q_mode4EL9ap_o_mode0ELi0EEPS2_S4_E1P_1_0_add_reg_1966    |   1|   0|    1|          0|
    |p_ZZ6eclairPK8ap_fixedILi16ELi6EL9ap_q_mode4EL9ap_o_mode0ELi0EEPS2_S4_E1P_1_1_add_4_reg_1919  |   1|   0|    1|          0|
    |p_ZZ6eclairPK8ap_fixedILi16ELi6EL9ap_q_mode4EL9ap_o_mode0ELi0EEPS2_S4_E1P_1_1_add_5_reg_1866  |   1|   0|    1|          0|
    |p_ZZ6eclairPK8ap_fixedILi16ELi6EL9ap_q_mode4EL9ap_o_mode0ELi0EEPS2_S4_E1P_1_1_add_6_reg_1812  |   1|   0|    1|          0|
    |p_ZZ6eclairPK8ap_fixedILi16ELi6EL9ap_q_mode4EL9ap_o_mode0ELi0EEPS2_S4_E1P_1_1_add_reg_1972    |   1|   0|    1|          0|
    |p_ZZ6eclairPK8ap_fixedILi16ELi6EL9ap_q_mode4EL9ap_o_mode0ELi0EEPS2_S4_E1P_1_2_add_4_reg_1925  |   1|   0|    1|          0|
    |p_ZZ6eclairPK8ap_fixedILi16ELi6EL9ap_q_mode4EL9ap_o_mode0ELi0EEPS2_S4_E1P_1_2_add_5_reg_1872  |   1|   0|    1|          0|
    |p_ZZ6eclairPK8ap_fixedILi16ELi6EL9ap_q_mode4EL9ap_o_mode0ELi0EEPS2_S4_E1P_1_2_add_6_reg_1818  |   1|   0|    1|          0|
    |p_ZZ6eclairPK8ap_fixedILi16ELi6EL9ap_q_mode4EL9ap_o_mode0ELi0EEPS2_S4_E1P_1_2_add_reg_1978    |   1|   0|    1|          0|
    |p_ZZ6eclairPK8ap_fixedILi16ELi6EL9ap_q_mode4EL9ap_o_mode0ELi0EEPS2_S4_E1P_1_3_add_4_reg_1931  |   1|   0|    1|          0|
    |p_ZZ6eclairPK8ap_fixedILi16ELi6EL9ap_q_mode4EL9ap_o_mode0ELi0EEPS2_S4_E1P_1_3_add_5_reg_1878  |   1|   0|    1|          0|
    |p_ZZ6eclairPK8ap_fixedILi16ELi6EL9ap_q_mode4EL9ap_o_mode0ELi0EEPS2_S4_E1P_1_3_add_6_reg_1824  |   1|   0|    1|          0|
    |p_ZZ6eclairPK8ap_fixedILi16ELi6EL9ap_q_mode4EL9ap_o_mode0ELi0EEPS2_S4_E1P_1_3_add_reg_1984    |   1|   0|    1|          0|
    |sub_ln112_reg_1990                                                                            |  27|   0|   27|          0|
    |sub_ln113_reg_2007                                                                            |  27|   0|   27|          0|
    |sub_ln114_reg_2020                                                                            |  27|   0|   27|          0|
    |sub_ln115_reg_2033                                                                            |  27|   0|   27|          0|
    |tmp_reg_1751                                                                                  |   1|   0|    1|          0|
    |trunc_ln108_reg_1739                                                                          |   2|   0|    2|          0|
    |trunc_ln108_reg_1739_pp0_iter1_reg                                                            |   2|   0|    2|          0|
    +----------------------------------------------------------------------------------------------+----+----+-----+-----------+
    |Total                                                                                         | 291|   0|  291|          0|
    +----------------------------------------------------------------------------------------------+----+----+-----+-----------+



================================================================
== Interface
================================================================
* Summary: 
+----------------------------------------------------------------------------------------+-----+-----+------------+-------------------------------------------------------------------------------+--------------+
|                                        RTL Ports                                       | Dir | Bits|  Protocol  |                                 Source Object                                 |    C Type    |
+----------------------------------------------------------------------------------------+-----+-----+------------+-------------------------------------------------------------------------------+--------------+
|ap_clk                                                                                  |   in|    1|  ap_ctrl_hs|                 backward_input<2, 1, ap_fixed<16, 6, 4, 0, 0> >_Pipeline_BWD_I|  return value|
|ap_rst                                                                                  |   in|    1|  ap_ctrl_hs|                 backward_input<2, 1, ap_fixed<16, 6, 4, 0, 0> >_Pipeline_BWD_I|  return value|
|ap_start                                                                                |   in|    1|  ap_ctrl_hs|                 backward_input<2, 1, ap_fixed<16, 6, 4, 0, 0> >_Pipeline_BWD_I|  return value|
|ap_done                                                                                 |  out|    1|  ap_ctrl_hs|                 backward_input<2, 1, ap_fixed<16, 6, 4, 0, 0> >_Pipeline_BWD_I|  return value|
|ap_idle                                                                                 |  out|    1|  ap_ctrl_hs|                 backward_input<2, 1, ap_fixed<16, 6, 4, 0, 0> >_Pipeline_BWD_I|  return value|
|ap_ready                                                                                |  out|    1|  ap_ctrl_hs|                 backward_input<2, 1, ap_fixed<16, 6, 4, 0, 0> >_Pipeline_BWD_I|  return value|
|delta_2_cast                                                                            |   in|   16|     ap_none|                                                                   delta_2_cast|        scalar|
|delta_2_cast2                                                                           |   in|   16|     ap_none|                                                                  delta_2_cast2|        scalar|
|eclair_ap_fixed_const_ap_fixed_ap_fixed_16_6_4_0_0_const_C_k_61_1_load                  |   in|    3|     ap_none|         eclair_ap_fixed_const_ap_fixed_ap_fixed_16_6_4_0_0_const_C_k_61_1_load|        scalar|
|eclair_ap_fixed_const_ap_fixed_ap_fixed_16_6_4_0_0_const_C_k_61_0_load                  |   in|    3|     ap_none|         eclair_ap_fixed_const_ap_fixed_ap_fixed_16_6_4_0_0_const_C_k_61_0_load|        scalar|
|eclair_ap_fixed_const_ap_fixed_ap_fixed_const_C_u_index_60_1_load                       |   in|    8|     ap_none|              eclair_ap_fixed_const_ap_fixed_ap_fixed_const_C_u_index_60_1_load|        scalar|
|eclair_ap_fixed_const_ap_fixed_ap_fixed_const_C_u_index_60_0_load                       |   in|    8|     ap_none|              eclair_ap_fixed_const_ap_fixed_ap_fixed_const_C_u_index_60_0_load|        scalar|
|p_ZZ6eclairPK8ap_fixedILi16ELi6EL9ap_q_mode4EL9ap_o_mode0ELi0EEPS2_S4_E1P_0_0_address0  |  out|    1|   ap_memory|  p_ZZ6eclairPK8ap_fixedILi16ELi6EL9ap_q_mode4EL9ap_o_mode0ELi0EEPS2_S4_E1P_0_0|         array|
|p_ZZ6eclairPK8ap_fixedILi16ELi6EL9ap_q_mode4EL9ap_o_mode0ELi0EEPS2_S4_E1P_0_0_ce0       |  out|    1|   ap_memory|  p_ZZ6eclairPK8ap_fixedILi16ELi6EL9ap_q_mode4EL9ap_o_mode0ELi0EEPS2_S4_E1P_0_0|         array|
|p_ZZ6eclairPK8ap_fixedILi16ELi6EL9ap_q_mode4EL9ap_o_mode0ELi0EEPS2_S4_E1P_0_0_q0        |   in|   16|   ap_memory|  p_ZZ6eclairPK8ap_fixedILi16ELi6EL9ap_q_mode4EL9ap_o_mode0ELi0EEPS2_S4_E1P_0_0|         array|
|p_ZZ6eclairPK8ap_fixedILi16ELi6EL9ap_q_mode4EL9ap_o_mode0ELi0EEPS2_S4_E1P_0_0_address1  |  out|    1|   ap_memory|  p_ZZ6eclairPK8ap_fixedILi16ELi6EL9ap_q_mode4EL9ap_o_mode0ELi0EEPS2_S4_E1P_0_0|         array|
|p_ZZ6eclairPK8ap_fixedILi16ELi6EL9ap_q_mode4EL9ap_o_mode0ELi0EEPS2_S4_E1P_0_0_ce1       |  out|    1|   ap_memory|  p_ZZ6eclairPK8ap_fixedILi16ELi6EL9ap_q_mode4EL9ap_o_mode0ELi0EEPS2_S4_E1P_0_0|         array|
|p_ZZ6eclairPK8ap_fixedILi16ELi6EL9ap_q_mode4EL9ap_o_mode0ELi0EEPS2_S4_E1P_0_0_we1       |  out|    1|   ap_memory|  p_ZZ6eclairPK8ap_fixedILi16ELi6EL9ap_q_mode4EL9ap_o_mode0ELi0EEPS2_S4_E1P_0_0|         array|
|p_ZZ6eclairPK8ap_fixedILi16ELi6EL9ap_q_mode4EL9ap_o_mode0ELi0EEPS2_S4_E1P_0_0_d1        |  out|   16|   ap_memory|  p_ZZ6eclairPK8ap_fixedILi16ELi6EL9ap_q_mode4EL9ap_o_mode0ELi0EEPS2_S4_E1P_0_0|         array|
|p_ZZ6eclairPK8ap_fixedILi16ELi6EL9ap_q_mode4EL9ap_o_mode0ELi0EEPS2_S4_E1P_0_1_address0  |  out|    1|   ap_memory|  p_ZZ6eclairPK8ap_fixedILi16ELi6EL9ap_q_mode4EL9ap_o_mode0ELi0EEPS2_S4_E1P_0_1|         array|
|p_ZZ6eclairPK8ap_fixedILi16ELi6EL9ap_q_mode4EL9ap_o_mode0ELi0EEPS2_S4_E1P_0_1_ce0       |  out|    1|   ap_memory|  p_ZZ6eclairPK8ap_fixedILi16ELi6EL9ap_q_mode4EL9ap_o_mode0ELi0EEPS2_S4_E1P_0_1|         array|
|p_ZZ6eclairPK8ap_fixedILi16ELi6EL9ap_q_mode4EL9ap_o_mode0ELi0EEPS2_S4_E1P_0_1_q0        |   in|   16|   ap_memory|  p_ZZ6eclairPK8ap_fixedILi16ELi6EL9ap_q_mode4EL9ap_o_mode0ELi0EEPS2_S4_E1P_0_1|         array|
|p_ZZ6eclairPK8ap_fixedILi16ELi6EL9ap_q_mode4EL9ap_o_mode0ELi0EEPS2_S4_E1P_0_1_address1  |  out|    1|   ap_memory|  p_ZZ6eclairPK8ap_fixedILi16ELi6EL9ap_q_mode4EL9ap_o_mode0ELi0EEPS2_S4_E1P_0_1|         array|
|p_ZZ6eclairPK8ap_fixedILi16ELi6EL9ap_q_mode4EL9ap_o_mode0ELi0EEPS2_S4_E1P_0_1_ce1       |  out|    1|   ap_memory|  p_ZZ6eclairPK8ap_fixedILi16ELi6EL9ap_q_mode4EL9ap_o_mode0ELi0EEPS2_S4_E1P_0_1|         array|
|p_ZZ6eclairPK8ap_fixedILi16ELi6EL9ap_q_mode4EL9ap_o_mode0ELi0EEPS2_S4_E1P_0_1_we1       |  out|    1|   ap_memory|  p_ZZ6eclairPK8ap_fixedILi16ELi6EL9ap_q_mode4EL9ap_o_mode0ELi0EEPS2_S4_E1P_0_1|         array|
|p_ZZ6eclairPK8ap_fixedILi16ELi6EL9ap_q_mode4EL9ap_o_mode0ELi0EEPS2_S4_E1P_0_1_d1        |  out|   16|   ap_memory|  p_ZZ6eclairPK8ap_fixedILi16ELi6EL9ap_q_mode4EL9ap_o_mode0ELi0EEPS2_S4_E1P_0_1|         array|
|p_ZZ6eclairPK8ap_fixedILi16ELi6EL9ap_q_mode4EL9ap_o_mode0ELi0EEPS2_S4_E1P_0_2_address0  |  out|    1|   ap_memory|  p_ZZ6eclairPK8ap_fixedILi16ELi6EL9ap_q_mode4EL9ap_o_mode0ELi0EEPS2_S4_E1P_0_2|         array|
|p_ZZ6eclairPK8ap_fixedILi16ELi6EL9ap_q_mode4EL9ap_o_mode0ELi0EEPS2_S4_E1P_0_2_ce0       |  out|    1|   ap_memory|  p_ZZ6eclairPK8ap_fixedILi16ELi6EL9ap_q_mode4EL9ap_o_mode0ELi0EEPS2_S4_E1P_0_2|         array|
|p_ZZ6eclairPK8ap_fixedILi16ELi6EL9ap_q_mode4EL9ap_o_mode0ELi0EEPS2_S4_E1P_0_2_q0        |   in|   16|   ap_memory|  p_ZZ6eclairPK8ap_fixedILi16ELi6EL9ap_q_mode4EL9ap_o_mode0ELi0EEPS2_S4_E1P_0_2|         array|
|p_ZZ6eclairPK8ap_fixedILi16ELi6EL9ap_q_mode4EL9ap_o_mode0ELi0EEPS2_S4_E1P_0_2_address1  |  out|    1|   ap_memory|  p_ZZ6eclairPK8ap_fixedILi16ELi6EL9ap_q_mode4EL9ap_o_mode0ELi0EEPS2_S4_E1P_0_2|         array|
|p_ZZ6eclairPK8ap_fixedILi16ELi6EL9ap_q_mode4EL9ap_o_mode0ELi0EEPS2_S4_E1P_0_2_ce1       |  out|    1|   ap_memory|  p_ZZ6eclairPK8ap_fixedILi16ELi6EL9ap_q_mode4EL9ap_o_mode0ELi0EEPS2_S4_E1P_0_2|         array|
|p_ZZ6eclairPK8ap_fixedILi16ELi6EL9ap_q_mode4EL9ap_o_mode0ELi0EEPS2_S4_E1P_0_2_we1       |  out|    1|   ap_memory|  p_ZZ6eclairPK8ap_fixedILi16ELi6EL9ap_q_mode4EL9ap_o_mode0ELi0EEPS2_S4_E1P_0_2|         array|
|p_ZZ6eclairPK8ap_fixedILi16ELi6EL9ap_q_mode4EL9ap_o_mode0ELi0EEPS2_S4_E1P_0_2_d1        |  out|   16|   ap_memory|  p_ZZ6eclairPK8ap_fixedILi16ELi6EL9ap_q_mode4EL9ap_o_mode0ELi0EEPS2_S4_E1P_0_2|         array|
|p_ZZ6eclairPK8ap_fixedILi16ELi6EL9ap_q_mode4EL9ap_o_mode0ELi0EEPS2_S4_E1P_0_3_address0  |  out|    1|   ap_memory|  p_ZZ6eclairPK8ap_fixedILi16ELi6EL9ap_q_mode4EL9ap_o_mode0ELi0EEPS2_S4_E1P_0_3|         array|
|p_ZZ6eclairPK8ap_fixedILi16ELi6EL9ap_q_mode4EL9ap_o_mode0ELi0EEPS2_S4_E1P_0_3_ce0       |  out|    1|   ap_memory|  p_ZZ6eclairPK8ap_fixedILi16ELi6EL9ap_q_mode4EL9ap_o_mode0ELi0EEPS2_S4_E1P_0_3|         array|
|p_ZZ6eclairPK8ap_fixedILi16ELi6EL9ap_q_mode4EL9ap_o_mode0ELi0EEPS2_S4_E1P_0_3_q0        |   in|   16|   ap_memory|  p_ZZ6eclairPK8ap_fixedILi16ELi6EL9ap_q_mode4EL9ap_o_mode0ELi0EEPS2_S4_E1P_0_3|         array|
|p_ZZ6eclairPK8ap_fixedILi16ELi6EL9ap_q_mode4EL9ap_o_mode0ELi0EEPS2_S4_E1P_0_3_address1  |  out|    1|   ap_memory|  p_ZZ6eclairPK8ap_fixedILi16ELi6EL9ap_q_mode4EL9ap_o_mode0ELi0EEPS2_S4_E1P_0_3|         array|
|p_ZZ6eclairPK8ap_fixedILi16ELi6EL9ap_q_mode4EL9ap_o_mode0ELi0EEPS2_S4_E1P_0_3_ce1       |  out|    1|   ap_memory|  p_ZZ6eclairPK8ap_fixedILi16ELi6EL9ap_q_mode4EL9ap_o_mode0ELi0EEPS2_S4_E1P_0_3|         array|
|p_ZZ6eclairPK8ap_fixedILi16ELi6EL9ap_q_mode4EL9ap_o_mode0ELi0EEPS2_S4_E1P_0_3_we1       |  out|    1|   ap_memory|  p_ZZ6eclairPK8ap_fixedILi16ELi6EL9ap_q_mode4EL9ap_o_mode0ELi0EEPS2_S4_E1P_0_3|         array|
|p_ZZ6eclairPK8ap_fixedILi16ELi6EL9ap_q_mode4EL9ap_o_mode0ELi0EEPS2_S4_E1P_0_3_d1        |  out|   16|   ap_memory|  p_ZZ6eclairPK8ap_fixedILi16ELi6EL9ap_q_mode4EL9ap_o_mode0ELi0EEPS2_S4_E1P_0_3|         array|
|p_ZZ6eclairPK8ap_fixedILi16ELi6EL9ap_q_mode4EL9ap_o_mode0ELi0EEPS2_S4_E1P_1_0_address0  |  out|    1|   ap_memory|  p_ZZ6eclairPK8ap_fixedILi16ELi6EL9ap_q_mode4EL9ap_o_mode0ELi0EEPS2_S4_E1P_1_0|         array|
|p_ZZ6eclairPK8ap_fixedILi16ELi6EL9ap_q_mode4EL9ap_o_mode0ELi0EEPS2_S4_E1P_1_0_ce0       |  out|    1|   ap_memory|  p_ZZ6eclairPK8ap_fixedILi16ELi6EL9ap_q_mode4EL9ap_o_mode0ELi0EEPS2_S4_E1P_1_0|         array|
|p_ZZ6eclairPK8ap_fixedILi16ELi6EL9ap_q_mode4EL9ap_o_mode0ELi0EEPS2_S4_E1P_1_0_q0        |   in|   16|   ap_memory|  p_ZZ6eclairPK8ap_fixedILi16ELi6EL9ap_q_mode4EL9ap_o_mode0ELi0EEPS2_S4_E1P_1_0|         array|
|p_ZZ6eclairPK8ap_fixedILi16ELi6EL9ap_q_mode4EL9ap_o_mode0ELi0EEPS2_S4_E1P_1_0_address1  |  out|    1|   ap_memory|  p_ZZ6eclairPK8ap_fixedILi16ELi6EL9ap_q_mode4EL9ap_o_mode0ELi0EEPS2_S4_E1P_1_0|         array|
|p_ZZ6eclairPK8ap_fixedILi16ELi6EL9ap_q_mode4EL9ap_o_mode0ELi0EEPS2_S4_E1P_1_0_ce1       |  out|    1|   ap_memory|  p_ZZ6eclairPK8ap_fixedILi16ELi6EL9ap_q_mode4EL9ap_o_mode0ELi0EEPS2_S4_E1P_1_0|         array|
|p_ZZ6eclairPK8ap_fixedILi16ELi6EL9ap_q_mode4EL9ap_o_mode0ELi0EEPS2_S4_E1P_1_0_we1       |  out|    1|   ap_memory|  p_ZZ6eclairPK8ap_fixedILi16ELi6EL9ap_q_mode4EL9ap_o_mode0ELi0EEPS2_S4_E1P_1_0|         array|
|p_ZZ6eclairPK8ap_fixedILi16ELi6EL9ap_q_mode4EL9ap_o_mode0ELi0EEPS2_S4_E1P_1_0_d1        |  out|   16|   ap_memory|  p_ZZ6eclairPK8ap_fixedILi16ELi6EL9ap_q_mode4EL9ap_o_mode0ELi0EEPS2_S4_E1P_1_0|         array|
|p_ZZ6eclairPK8ap_fixedILi16ELi6EL9ap_q_mode4EL9ap_o_mode0ELi0EEPS2_S4_E1P_1_1_address0  |  out|    1|   ap_memory|  p_ZZ6eclairPK8ap_fixedILi16ELi6EL9ap_q_mode4EL9ap_o_mode0ELi0EEPS2_S4_E1P_1_1|         array|
|p_ZZ6eclairPK8ap_fixedILi16ELi6EL9ap_q_mode4EL9ap_o_mode0ELi0EEPS2_S4_E1P_1_1_ce0       |  out|    1|   ap_memory|  p_ZZ6eclairPK8ap_fixedILi16ELi6EL9ap_q_mode4EL9ap_o_mode0ELi0EEPS2_S4_E1P_1_1|         array|
|p_ZZ6eclairPK8ap_fixedILi16ELi6EL9ap_q_mode4EL9ap_o_mode0ELi0EEPS2_S4_E1P_1_1_q0        |   in|   16|   ap_memory|  p_ZZ6eclairPK8ap_fixedILi16ELi6EL9ap_q_mode4EL9ap_o_mode0ELi0EEPS2_S4_E1P_1_1|         array|
|p_ZZ6eclairPK8ap_fixedILi16ELi6EL9ap_q_mode4EL9ap_o_mode0ELi0EEPS2_S4_E1P_1_1_address1  |  out|    1|   ap_memory|  p_ZZ6eclairPK8ap_fixedILi16ELi6EL9ap_q_mode4EL9ap_o_mode0ELi0EEPS2_S4_E1P_1_1|         array|
|p_ZZ6eclairPK8ap_fixedILi16ELi6EL9ap_q_mode4EL9ap_o_mode0ELi0EEPS2_S4_E1P_1_1_ce1       |  out|    1|   ap_memory|  p_ZZ6eclairPK8ap_fixedILi16ELi6EL9ap_q_mode4EL9ap_o_mode0ELi0EEPS2_S4_E1P_1_1|         array|
|p_ZZ6eclairPK8ap_fixedILi16ELi6EL9ap_q_mode4EL9ap_o_mode0ELi0EEPS2_S4_E1P_1_1_we1       |  out|    1|   ap_memory|  p_ZZ6eclairPK8ap_fixedILi16ELi6EL9ap_q_mode4EL9ap_o_mode0ELi0EEPS2_S4_E1P_1_1|         array|
|p_ZZ6eclairPK8ap_fixedILi16ELi6EL9ap_q_mode4EL9ap_o_mode0ELi0EEPS2_S4_E1P_1_1_d1        |  out|   16|   ap_memory|  p_ZZ6eclairPK8ap_fixedILi16ELi6EL9ap_q_mode4EL9ap_o_mode0ELi0EEPS2_S4_E1P_1_1|         array|
|p_ZZ6eclairPK8ap_fixedILi16ELi6EL9ap_q_mode4EL9ap_o_mode0ELi0EEPS2_S4_E1P_1_2_address0  |  out|    1|   ap_memory|  p_ZZ6eclairPK8ap_fixedILi16ELi6EL9ap_q_mode4EL9ap_o_mode0ELi0EEPS2_S4_E1P_1_2|         array|
|p_ZZ6eclairPK8ap_fixedILi16ELi6EL9ap_q_mode4EL9ap_o_mode0ELi0EEPS2_S4_E1P_1_2_ce0       |  out|    1|   ap_memory|  p_ZZ6eclairPK8ap_fixedILi16ELi6EL9ap_q_mode4EL9ap_o_mode0ELi0EEPS2_S4_E1P_1_2|         array|
|p_ZZ6eclairPK8ap_fixedILi16ELi6EL9ap_q_mode4EL9ap_o_mode0ELi0EEPS2_S4_E1P_1_2_q0        |   in|   16|   ap_memory|  p_ZZ6eclairPK8ap_fixedILi16ELi6EL9ap_q_mode4EL9ap_o_mode0ELi0EEPS2_S4_E1P_1_2|         array|
|p_ZZ6eclairPK8ap_fixedILi16ELi6EL9ap_q_mode4EL9ap_o_mode0ELi0EEPS2_S4_E1P_1_2_address1  |  out|    1|   ap_memory|  p_ZZ6eclairPK8ap_fixedILi16ELi6EL9ap_q_mode4EL9ap_o_mode0ELi0EEPS2_S4_E1P_1_2|         array|
|p_ZZ6eclairPK8ap_fixedILi16ELi6EL9ap_q_mode4EL9ap_o_mode0ELi0EEPS2_S4_E1P_1_2_ce1       |  out|    1|   ap_memory|  p_ZZ6eclairPK8ap_fixedILi16ELi6EL9ap_q_mode4EL9ap_o_mode0ELi0EEPS2_S4_E1P_1_2|         array|
|p_ZZ6eclairPK8ap_fixedILi16ELi6EL9ap_q_mode4EL9ap_o_mode0ELi0EEPS2_S4_E1P_1_2_we1       |  out|    1|   ap_memory|  p_ZZ6eclairPK8ap_fixedILi16ELi6EL9ap_q_mode4EL9ap_o_mode0ELi0EEPS2_S4_E1P_1_2|         array|
|p_ZZ6eclairPK8ap_fixedILi16ELi6EL9ap_q_mode4EL9ap_o_mode0ELi0EEPS2_S4_E1P_1_2_d1        |  out|   16|   ap_memory|  p_ZZ6eclairPK8ap_fixedILi16ELi6EL9ap_q_mode4EL9ap_o_mode0ELi0EEPS2_S4_E1P_1_2|         array|
|p_ZZ6eclairPK8ap_fixedILi16ELi6EL9ap_q_mode4EL9ap_o_mode0ELi0EEPS2_S4_E1P_1_3_address0  |  out|    1|   ap_memory|  p_ZZ6eclairPK8ap_fixedILi16ELi6EL9ap_q_mode4EL9ap_o_mode0ELi0EEPS2_S4_E1P_1_3|         array|
|p_ZZ6eclairPK8ap_fixedILi16ELi6EL9ap_q_mode4EL9ap_o_mode0ELi0EEPS2_S4_E1P_1_3_ce0       |  out|    1|   ap_memory|  p_ZZ6eclairPK8ap_fixedILi16ELi6EL9ap_q_mode4EL9ap_o_mode0ELi0EEPS2_S4_E1P_1_3|         array|
|p_ZZ6eclairPK8ap_fixedILi16ELi6EL9ap_q_mode4EL9ap_o_mode0ELi0EEPS2_S4_E1P_1_3_q0        |   in|   16|   ap_memory|  p_ZZ6eclairPK8ap_fixedILi16ELi6EL9ap_q_mode4EL9ap_o_mode0ELi0EEPS2_S4_E1P_1_3|         array|
|p_ZZ6eclairPK8ap_fixedILi16ELi6EL9ap_q_mode4EL9ap_o_mode0ELi0EEPS2_S4_E1P_1_3_address1  |  out|    1|   ap_memory|  p_ZZ6eclairPK8ap_fixedILi16ELi6EL9ap_q_mode4EL9ap_o_mode0ELi0EEPS2_S4_E1P_1_3|         array|
|p_ZZ6eclairPK8ap_fixedILi16ELi6EL9ap_q_mode4EL9ap_o_mode0ELi0EEPS2_S4_E1P_1_3_ce1       |  out|    1|   ap_memory|  p_ZZ6eclairPK8ap_fixedILi16ELi6EL9ap_q_mode4EL9ap_o_mode0ELi0EEPS2_S4_E1P_1_3|         array|
|p_ZZ6eclairPK8ap_fixedILi16ELi6EL9ap_q_mode4EL9ap_o_mode0ELi0EEPS2_S4_E1P_1_3_we1       |  out|    1|   ap_memory|  p_ZZ6eclairPK8ap_fixedILi16ELi6EL9ap_q_mode4EL9ap_o_mode0ELi0EEPS2_S4_E1P_1_3|         array|
|p_ZZ6eclairPK8ap_fixedILi16ELi6EL9ap_q_mode4EL9ap_o_mode0ELi0EEPS2_S4_E1P_1_3_d1        |  out|   16|   ap_memory|  p_ZZ6eclairPK8ap_fixedILi16ELi6EL9ap_q_mode4EL9ap_o_mode0ELi0EEPS2_S4_E1P_1_3|         array|
+----------------------------------------------------------------------------------------+-----+-----+------------+-------------------------------------------------------------------------------+--------------+

