

================================================================
== Synthesis Summary Report of 'eclair'
================================================================
+ General Information: 
    * Date:           Sun Nov  9 15:33:02 2025
    * Version:        2024.1 (Build 5069499 on May 21 2024)
    * Project:        eclair
    * Solution:       solution (Vivado IP Flow Target)
    * Product family: virtexuplus
    * Target device:  xcvu13p-flga2577-2-e
    

+ Performance & Resource Estimates: 
    
    PS: '+' for module; 'o' for loop; '*' for dataflow
    +---------------------------------------------+------+------+---------+--------+----------+---------+------+----------+------+----------+-----------+------------+-----+
    |                   Modules                   | Issue|      | Latency | Latency| Iteration|         | Trip |          |      |          |           |            |     |
    |                   & Loops                   | Type | Slack| (cycles)|  (ns)  |  Latency | Interval| Count| Pipelined| BRAM |    DSP   |     FF    |     LUT    | URAM|
    +---------------------------------------------+------+------+---------+--------+----------+---------+------+----------+------+----------+-----------+------------+-----+
    |+ eclair                                     |     -|  0.11|       17|  85.000|         -|       18|     -|        no|     -|  17 (~0%)|  910 (~0%)|  5029 (~0%)|    -|
    | + backward_input_2_1_ap_fixed_16_6_4_0_0_s  |    II|  0.17|        5|  25.000|         -|        4|     -|       yes|     -|   9 (~0%)|  484 (~0%)|  2257 (~0%)|    -|
    | + forward_layer_2_1_s                       |     -|  0.11|       10|  50.000|         -|       10|     -|        no|     -|   8 (~0%)|  219 (~0%)|  1759 (~0%)|    -|
    +---------------------------------------------+------+------+---------+--------+----------+---------+------+----------+------+----------+-----------+------------+-----+


================================================================
== HW Interfaces
================================================================
* Other Ports
+----------+---------+-----------+----------+
| Port     | Mode    | Direction | Bitwidth |
+----------+---------+-----------+----------+
| feedback | ap_none | in        | 16       |
| input_0  | ap_none | in        | 16       |
| input_1  | ap_none | in        | 16       |
| output_r | ap_vld  | out       | 16       |
+----------+---------+-----------+----------+

* TOP LEVEL CONTROL
+-----------+------------+-----------------------------------+
| Interface | Type       | Ports                             |
+-----------+------------+-----------------------------------+
| ap_clk    | clock      | ap_clk                            |
| ap_rst    | reset      | ap_rst                            |
| ap_ctrl   | ap_ctrl_hs | ap_done ap_idle ap_ready ap_start |
+-----------+------------+-----------------------------------+


================================================================
== SW I/O Information
================================================================
* Top Function Arguments
+----------+-----------+-------------------------------------------------+
| Argument | Direction | Datatype                                        |
+----------+-----------+-------------------------------------------------+
| input    | in        | ap_fixed<16, 6, AP_RND_CONV, AP_SAT, 0> const * |
| output   | out       | ap_fixed<16, 6, AP_RND_CONV, AP_SAT, 0>*        |
| feedback | in        | ap_fixed<16, 6, AP_RND_CONV, AP_SAT, 0> const * |
+----------+-----------+-------------------------------------------------+

* SW-to-HW Mapping
+----------+-----------------+---------+
| Argument | HW Interface    | HW Type |
+----------+-----------------+---------+
| input    | input_0         | port    |
| input    | input_1         | port    |
| output   | output_r        | port    |
| output   | output_r_ap_vld | port    |
| feedback | feedback        | port    |
+----------+-----------------+---------+


================================================================
== Bind Op Report
================================================================
+---------------------------------------------+-----+--------+-------------------+-----------+-----------+---------+
| Name                                        | DSP | Pragma | Variable          | Op        | Impl      | Latency |
+---------------------------------------------+-----+--------+-------------------+-----------+-----------+---------+
| + eclair                                    | 17  |        |                   |           |           |         |
|  + backward_input_2_1_ap_fixed_16_6_4_0_0_s | 9   |        |                   |           |           |         |
|    mul_16s_8ns_24_1_1_U1                    | 1   |        | mul_ln103         | mul       | auto      | 0       |
|    icmp_ln103_fu_602_p2                     |     |        | icmp_ln103        | setne     | auto      | 0       |
|    or_ln103_fu_616_p2                       |     |        | or_ln103          | or        | auto      | 0       |
|    and_ln103_fu_622_p2                      |     |        | and_ln103         | and       | auto      | 0       |
|    delta_1_fu_632_p2                        |     |        | delta_1           | add       | fabric    | 0       |
|    xor_ln103_fu_677_p2                      |     |        | xor_ln103         | xor       | auto      | 0       |
|    or_ln103_2_fu_682_p2                     |     |        | or_ln103_2        | or        | auto      | 0       |
|    xor_ln103_1_fu_688_p2                    |     |        | xor_ln103_1       | xor       | auto      | 0       |
|    xor_ln103_2_fu_693_p2                    |     |        | xor_ln103_2       | xor       | auto      | 0       |
|    or_ln103_1_fu_699_p2                     |     |        | or_ln103_1        | or        | auto      | 0       |
|    and_ln103_1_fu_705_p2                    |     |        | and_ln103_1       | and       | auto      | 0       |
|    delta_2_fu_711_p3                        |     |        | delta_2           | select    | auto_sel  | 0       |
|    mul_16s_8ns_24_1_1_U2                    | 1   |        | mul_ln113         | mul       | auto      | 0       |
|    sparsemux_9_2_16_1_1_U6                  |     |        | tmp_s             | sparsemux | auto      | 0       |
|    sub_ln113_fu_906_p2                      |     |        | sub_ln113         | sub       | fabric    | 0       |
|    icmp_ln113_fu_912_p2                     |     |        | icmp_ln113        | seteq     | auto      | 0       |
|    icmp_ln113_2_fu_948_p2                   |     |        | icmp_ln113_2      | setne     | auto      | 0       |
|    or_ln113_fu_970_p2                       |     |        | or_ln113          | or        | auto      | 0       |
|    and_ln113_fu_976_p2                      |     |        | and_ln113         | and       | auto      | 0       |
|    add_ln113_fu_986_p2                      |     |        | add_ln113         | add       | fabric    | 0       |
|    xor_ln113_fu_1478_p2                     |     |        | xor_ln113         | xor       | auto      | 0       |
|    or_ln113_6_fu_1483_p2                    |     |        | or_ln113_6        | or        | auto      | 0       |
|    xor_ln113_2_fu_1489_p2                   |     |        | xor_ln113_2       | xor       | auto      | 0       |
|    xor_ln113_1_fu_1494_p2                   |     |        | xor_ln113_1       | xor       | auto      | 0       |
|    xor_ln113_3_fu_1499_p2                   |     |        | xor_ln113_3       | xor       | auto      | 0       |
|    or_ln113_1_fu_1505_p2                    |     |        | or_ln113_1        | or        | auto      | 0       |
|    and_ln113_1_fu_1511_p2                   |     |        | and_ln113_1       | and       | auto      | 0       |
|    or_ln113_8_fu_1517_p2                    |     |        | or_ln113_8        | or        | auto      | 0       |
|    xor_ln113_4_fu_1522_p2                   |     |        | xor_ln113_4       | xor       | auto      | 0       |
|    and_ln113_2_fu_1528_p2                   |     |        | and_ln113_2       | and       | auto      | 0       |
|    or_ln113_2_fu_1533_p2                    |     |        | or_ln113_2        | or        | auto      | 0       |
|    mul_10ns_16s_26_1_1_U3                   | 1   |        | mul_ln114         | mul       | auto      | 0       |
|    add_ln114_fu_754_p2                      |     |        | add_ln114         | add       | fabric    | 0       |
|    sparsemux_9_2_16_1_1_U7                  |     |        | tmp_47            | sparsemux | auto      | 0       |
|    sub_ln114_fu_1030_p2                     |     |        | sub_ln114         | sub       | fabric    | 0       |
|    icmp_ln114_fu_1036_p2                    |     |        | icmp_ln114        | seteq     | auto      | 0       |
|    icmp_ln114_1_fu_1071_p2                  |     |        | icmp_ln114_1      | setne     | auto      | 0       |
|    or_ln114_fu_1093_p2                      |     |        | or_ln114          | or        | auto      | 0       |
|    and_ln114_fu_1099_p2                     |     |        | and_ln114         | and       | auto      | 0       |
|    add_ln114_1_fu_1109_p2                   |     |        | add_ln114_1       | add       | fabric    | 0       |
|    xor_ln114_fu_1546_p2                     |     |        | xor_ln114         | xor       | auto      | 0       |
|    or_ln114_6_fu_1551_p2                    |     |        | or_ln114_6        | or        | auto      | 0       |
|    xor_ln114_2_fu_1557_p2                   |     |        | xor_ln114_2       | xor       | auto      | 0       |
|    xor_ln114_1_fu_1562_p2                   |     |        | xor_ln114_1       | xor       | auto      | 0       |
|    xor_ln114_3_fu_1567_p2                   |     |        | xor_ln114_3       | xor       | auto      | 0       |
|    or_ln114_1_fu_1573_p2                    |     |        | or_ln114_1        | or        | auto      | 0       |
|    and_ln114_1_fu_1579_p2                   |     |        | and_ln114_1       | and       | auto      | 0       |
|    or_ln114_8_fu_1585_p2                    |     |        | or_ln114_8        | or        | auto      | 0       |
|    xor_ln114_4_fu_1590_p2                   |     |        | xor_ln114_4       | xor       | auto      | 0       |
|    and_ln114_2_fu_1596_p2                   |     |        | and_ln114_2       | and       | auto      | 0       |
|    or_ln114_2_fu_1601_p2                    |     |        | or_ln114_2        | or        | auto      | 0       |
|    mul_10ns_16s_26_1_1_U4                   | 1   |        | mul_ln115         | mul       | auto      | 0       |
|    add_ln115_fu_785_p2                      |     |        | add_ln115         | add       | fabric    | 0       |
|    sparsemux_9_2_16_1_1_U8                  |     |        | tmp_48            | sparsemux | auto      | 0       |
|    sub_ln115_fu_1153_p2                     |     |        | sub_ln115         | sub       | fabric    | 0       |
|    icmp_ln115_fu_1159_p2                    |     |        | icmp_ln115        | seteq     | auto      | 0       |
|    icmp_ln115_1_fu_1194_p2                  |     |        | icmp_ln115_1      | setne     | auto      | 0       |
|    or_ln115_fu_1216_p2                      |     |        | or_ln115          | or        | auto      | 0       |
|    and_ln115_fu_1222_p2                     |     |        | and_ln115         | and       | auto      | 0       |
|    add_ln115_1_fu_1232_p2                   |     |        | add_ln115_1       | add       | fabric    | 0       |
|    xor_ln115_fu_1614_p2                     |     |        | xor_ln115         | xor       | auto      | 0       |
|    or_ln115_6_fu_1619_p2                    |     |        | or_ln115_6        | or        | auto      | 0       |
|    xor_ln115_2_fu_1625_p2                   |     |        | xor_ln115_2       | xor       | auto      | 0       |
|    xor_ln115_1_fu_1630_p2                   |     |        | xor_ln115_1       | xor       | auto      | 0       |
|    xor_ln115_3_fu_1635_p2                   |     |        | xor_ln115_3       | xor       | auto      | 0       |
|    or_ln115_1_fu_1641_p2                    |     |        | or_ln115_1        | or        | auto      | 0       |
|    and_ln115_1_fu_1647_p2                   |     |        | and_ln115_1       | and       | auto      | 0       |
|    or_ln115_8_fu_1653_p2                    |     |        | or_ln115_8        | or        | auto      | 0       |
|    xor_ln115_4_fu_1658_p2                   |     |        | xor_ln115_4       | xor       | auto      | 0       |
|    and_ln115_2_fu_1664_p2                   |     |        | and_ln115_2       | and       | auto      | 0       |
|    or_ln115_2_fu_1669_p2                    |     |        | or_ln115_2        | or        | auto      | 0       |
|    mul_8ns_16s_24_1_1_U5                    | 1   |        | mul_ln116         | mul       | auto      | 0       |
|    add_ln116_fu_816_p2                      |     |        | add_ln116         | add       | fabric    | 0       |
|    sparsemux_9_2_16_1_1_U9                  |     |        | tmp_49            | sparsemux | auto      | 0       |
|    sub_ln116_fu_1279_p2                     |     |        | sub_ln116         | sub       | fabric    | 0       |
|    icmp_ln116_fu_1285_p2                    |     |        | icmp_ln116        | seteq     | auto      | 0       |
|    icmp_ln116_1_fu_1321_p2                  |     |        | icmp_ln116_1      | setne     | auto      | 0       |
|    or_ln116_fu_1343_p2                      |     |        | or_ln116          | or        | auto      | 0       |
|    and_ln116_fu_1349_p2                     |     |        | and_ln116         | and       | auto      | 0       |
|    add_ln116_1_fu_1359_p2                   |     |        | add_ln116_1       | add       | fabric    | 0       |
|    xor_ln116_fu_1682_p2                     |     |        | xor_ln116         | xor       | auto      | 0       |
|    or_ln116_6_fu_1687_p2                    |     |        | or_ln116_6        | or        | auto      | 0       |
|    xor_ln116_2_fu_1693_p2                   |     |        | xor_ln116_2       | xor       | auto      | 0       |
|    xor_ln116_1_fu_1698_p2                   |     |        | xor_ln116_1       | xor       | auto      | 0       |
|    xor_ln116_3_fu_1703_p2                   |     |        | xor_ln116_3       | xor       | auto      | 0       |
|    or_ln116_1_fu_1709_p2                    |     |        | or_ln116_1        | or        | auto      | 0       |
|    and_ln116_1_fu_1715_p2                   |     |        | and_ln116_1       | and       | auto      | 0       |
|    or_ln116_8_fu_1721_p2                    |     |        | or_ln116_8        | or        | auto      | 0       |
|    xor_ln116_4_fu_1726_p2                   |     |        | xor_ln116_4       | xor       | auto      | 0       |
|    and_ln116_2_fu_1732_p2                   |     |        | and_ln116_2       | and       | auto      | 0       |
|    or_ln116_2_fu_1737_p2                    |     |        | or_ln116_2        | or        | auto      | 0       |
|    mul_8ns_16s_24_1_1_U10                   | 1   |        | mul_ln113_1       | mul       | auto      | 0       |
|    sparsemux_9_2_16_1_1_U14                 |     |        | tmp_50            | sparsemux | auto      | 0       |
|    sub_ln113_1_fu_1784_p2                   |     |        | sub_ln113_1       | sub       | fabric    | 0       |
|    icmp_ln113_3_fu_1790_p2                  |     |        | icmp_ln113_3      | seteq     | auto      | 0       |
|    icmp_ln113_5_fu_1826_p2                  |     |        | icmp_ln113_5      | setne     | auto      | 0       |
|    or_ln113_3_fu_1848_p2                    |     |        | or_ln113_3        | or        | auto      | 0       |
|    and_ln113_3_fu_1854_p2                   |     |        | and_ln113_3       | and       | auto      | 0       |
|    add_ln113_1_fu_1864_p2                   |     |        | add_ln113_1       | add       | fabric    | 0       |
|    xor_ln113_5_fu_2250_p2                   |     |        | xor_ln113_5       | xor       | auto      | 0       |
|    or_ln113_7_fu_2255_p2                    |     |        | or_ln113_7        | or        | auto      | 0       |
|    xor_ln113_6_fu_2261_p2                   |     |        | xor_ln113_6       | xor       | auto      | 0       |
|    xor_ln113_7_fu_2266_p2                   |     |        | xor_ln113_7       | xor       | auto      | 0       |
|    xor_ln113_8_fu_2271_p2                   |     |        | xor_ln113_8       | xor       | auto      | 0       |
|    or_ln113_4_fu_2277_p2                    |     |        | or_ln113_4        | or        | auto      | 0       |
|    and_ln113_4_fu_2283_p2                   |     |        | and_ln113_4       | and       | auto      | 0       |
|    or_ln113_9_fu_2289_p2                    |     |        | or_ln113_9        | or        | auto      | 0       |
|    xor_ln113_9_fu_2294_p2                   |     |        | xor_ln113_9       | xor       | auto      | 0       |
|    and_ln113_5_fu_2300_p2                   |     |        | and_ln113_5       | and       | auto      | 0       |
|    or_ln113_5_fu_2305_p2                    |     |        | or_ln113_5        | or        | auto      | 0       |
|    mul_10ns_16s_26_1_1_U11                  | 1   |        | mul_ln114_1       | mul       | auto      | 0       |
|    add_ln114_2_fu_1390_p2                   |     |        | add_ln114_2       | add       | fabric    | 0       |
|    sparsemux_9_2_16_1_1_U15                 |     |        | tmp_51            | sparsemux | auto      | 0       |
|    sub_ln114_1_fu_1908_p2                   |     |        | sub_ln114_1       | sub       | fabric    | 0       |
|    icmp_ln114_2_fu_1914_p2                  |     |        | icmp_ln114_2      | seteq     | auto      | 0       |
|    icmp_ln114_3_fu_1949_p2                  |     |        | icmp_ln114_3      | setne     | auto      | 0       |
|    or_ln114_3_fu_1971_p2                    |     |        | or_ln114_3        | or        | auto      | 0       |
|    and_ln114_3_fu_1977_p2                   |     |        | and_ln114_3       | and       | auto      | 0       |
|    add_ln114_3_fu_1987_p2                   |     |        | add_ln114_3       | add       | fabric    | 0       |
|    xor_ln114_5_fu_2318_p2                   |     |        | xor_ln114_5       | xor       | auto      | 0       |
|    or_ln114_7_fu_2323_p2                    |     |        | or_ln114_7        | or        | auto      | 0       |
|    xor_ln114_6_fu_2329_p2                   |     |        | xor_ln114_6       | xor       | auto      | 0       |
|    xor_ln114_7_fu_2334_p2                   |     |        | xor_ln114_7       | xor       | auto      | 0       |
|    xor_ln114_8_fu_2339_p2                   |     |        | xor_ln114_8       | xor       | auto      | 0       |
|    or_ln114_4_fu_2345_p2                    |     |        | or_ln114_4        | or        | auto      | 0       |
|    and_ln114_4_fu_2351_p2                   |     |        | and_ln114_4       | and       | auto      | 0       |
|    or_ln114_9_fu_2357_p2                    |     |        | or_ln114_9        | or        | auto      | 0       |
|    xor_ln114_9_fu_2362_p2                   |     |        | xor_ln114_9       | xor       | auto      | 0       |
|    and_ln114_5_fu_2368_p2                   |     |        | and_ln114_5       | and       | auto      | 0       |
|    or_ln114_5_fu_2373_p2                    |     |        | or_ln114_5        | or        | auto      | 0       |
|    mul_10ns_16s_26_1_1_U12                  | 1   |        | mul_ln115_1       | mul       | auto      | 0       |
|    add_ln115_2_fu_1420_p2                   |     |        | add_ln115_2       | add       | fabric    | 0       |
|    sparsemux_9_2_16_1_1_U16                 |     |        | tmp_52            | sparsemux | auto      | 0       |
|    sub_ln115_1_fu_2031_p2                   |     |        | sub_ln115_1       | sub       | fabric    | 0       |
|    icmp_ln115_2_fu_2037_p2                  |     |        | icmp_ln115_2      | seteq     | auto      | 0       |
|    icmp_ln115_3_fu_2072_p2                  |     |        | icmp_ln115_3      | setne     | auto      | 0       |
|    or_ln115_3_fu_2094_p2                    |     |        | or_ln115_3        | or        | auto      | 0       |
|    and_ln115_3_fu_2100_p2                   |     |        | and_ln115_3       | and       | auto      | 0       |
|    add_ln115_3_fu_2110_p2                   |     |        | add_ln115_3       | add       | fabric    | 0       |
|    xor_ln115_5_fu_2386_p2                   |     |        | xor_ln115_5       | xor       | auto      | 0       |
|    or_ln115_7_fu_2391_p2                    |     |        | or_ln115_7        | or        | auto      | 0       |
|    xor_ln115_6_fu_2397_p2                   |     |        | xor_ln115_6       | xor       | auto      | 0       |
|    xor_ln115_7_fu_2402_p2                   |     |        | xor_ln115_7       | xor       | auto      | 0       |
|    xor_ln115_8_fu_2407_p2                   |     |        | xor_ln115_8       | xor       | auto      | 0       |
|    or_ln115_4_fu_2413_p2                    |     |        | or_ln115_4        | or        | auto      | 0       |
|    and_ln115_4_fu_2419_p2                   |     |        | and_ln115_4       | and       | auto      | 0       |
|    or_ln115_9_fu_2425_p2                    |     |        | or_ln115_9        | or        | auto      | 0       |
|    xor_ln115_9_fu_2430_p2                   |     |        | xor_ln115_9       | xor       | auto      | 0       |
|    and_ln115_5_fu_2436_p2                   |     |        | and_ln115_5       | and       | auto      | 0       |
|    or_ln115_5_fu_2441_p2                    |     |        | or_ln115_5        | or        | auto      | 0       |
|    mul_8ns_16s_24_1_1_U13                   | 1   |        | mul_ln116_1       | mul       | auto      | 0       |
|    add_ln116_2_fu_1450_p2                   |     |        | add_ln116_2       | add       | fabric    | 0       |
|    sparsemux_9_2_16_1_1_U17                 |     |        | tmp_53            | sparsemux | auto      | 0       |
|    sub_ln116_1_fu_2157_p2                   |     |        | sub_ln116_1       | sub       | fabric    | 0       |
|    icmp_ln116_2_fu_2163_p2                  |     |        | icmp_ln116_2      | seteq     | auto      | 0       |
|    icmp_ln116_3_fu_2199_p2                  |     |        | icmp_ln116_3      | setne     | auto      | 0       |
|    or_ln116_3_fu_2221_p2                    |     |        | or_ln116_3        | or        | auto      | 0       |
|    and_ln116_3_fu_2227_p2                   |     |        | and_ln116_3       | and       | auto      | 0       |
|    add_ln116_3_fu_2237_p2                   |     |        | add_ln116_3       | add       | fabric    | 0       |
|    xor_ln116_5_fu_2454_p2                   |     |        | xor_ln116_5       | xor       | auto      | 0       |
|    or_ln116_7_fu_2459_p2                    |     |        | or_ln116_7        | or        | auto      | 0       |
|    xor_ln116_6_fu_2465_p2                   |     |        | xor_ln116_6       | xor       | auto      | 0       |
|    xor_ln116_7_fu_2470_p2                   |     |        | xor_ln116_7       | xor       | auto      | 0       |
|    xor_ln116_8_fu_2475_p2                   |     |        | xor_ln116_8       | xor       | auto      | 0       |
|    or_ln116_4_fu_2481_p2                    |     |        | or_ln116_4        | or        | auto      | 0       |
|    and_ln116_4_fu_2487_p2                   |     |        | and_ln116_4       | and       | auto      | 0       |
|    or_ln116_9_fu_2493_p2                    |     |        | or_ln116_9        | or        | auto      | 0       |
|    xor_ln116_9_fu_2498_p2                   |     |        | xor_ln116_9       | xor       | auto      | 0       |
|    and_ln116_5_fu_2504_p2                   |     |        | and_ln116_5       | and       | auto      | 0       |
|    or_ln116_5_fu_2509_p2                    |     |        | or_ln116_5        | or        | auto      | 0       |
|  + forward_layer_2_1_s                      | 8   |        |                   |           |           |         |
|    add_ln12_fu_604_p2                       |     |        | add_ln12          | add       | fabric    | 0       |
|    add_ln12_1_fu_634_p2                     |     |        | add_ln12_1        | add       | fabric    | 0       |
|    icmp_ln12_fu_670_p2                      |     |        | icmp_ln12         | setne     | auto      | 0       |
|    or_ln12_fu_692_p2                        |     |        | or_ln12           | or        | auto      | 0       |
|    and_ln12_fu_698_p2                       |     |        | and_ln12          | and       | auto      | 0       |
|    t_1_fu_708_p2                            |     |        | t_1               | add       | fabric    | 0       |
|    xor_ln12_fu_722_p2                       |     |        | xor_ln12          | xor       | auto      | 0       |
|    and_ln12_1_fu_728_p2                     |     |        | and_ln12_1        | and       | auto      | 0       |
|    icmp_ln12_1_fu_752_p2                    |     |        | icmp_ln12_1       | seteq     | auto      | 0       |
|    icmp_ln12_2_fu_768_p2                    |     |        | icmp_ln12_2       | seteq     | auto      | 0       |
|    icmp_ln12_3_fu_774_p2                    |     |        | icmp_ln12_3       | seteq     | auto      | 0       |
|    select_ln12_fu_780_p3                    |     |        | select_ln12       | select    | auto_sel  | 0       |
|    xor_ln12_1_fu_788_p2                     |     |        | xor_ln12_1        | xor       | auto      | 0       |
|    and_ln12_2_fu_794_p2                     |     |        | and_ln12_2        | and       | auto      | 0       |
|    select_ln12_1_fu_800_p3                  |     |        | select_ln12_1     | select    | auto_sel  | 0       |
|    and_ln12_3_fu_844_p2                     |     |        | and_ln12_3        | and       | auto      | 0       |
|    xor_ln12_2_fu_848_p2                     |     |        | xor_ln12_2        | xor       | auto      | 0       |
|    empty_fu_854_p2                          |     |        | empty             | and       | auto      | 0       |
|    xor_ln12_3_fu_808_p2                     |     |        | xor_ln12_3        | xor       | auto      | 0       |
|    or_ln12_1_fu_814_p2                      |     |        | or_ln12_1         | or        | auto      | 0       |
|    xor_ln12_4_fu_820_p2                     |     |        | xor_ln12_4        | xor       | auto      | 0       |
|    and_ln12_4_fu_826_p2                     |     |        | and_ln12_4        | and       | auto      | 0       |
|    and_ln12_5_fu_832_p2                     |     |        | and_ln12_5        | and       | auto      | 0       |
|    xor_ln12_5_fu_838_p2                     |     |        | xor_ln12_5        | xor       | auto      | 0       |
|    and_ln12_6_fu_859_p2                     |     |        | and_ln12_6        | and       | auto      | 0       |
|    select_ln12_2_fu_864_p3                  |     |        | select_ln12_2     | select    | auto_sel  | 0       |
|    or_ln12_2_fu_871_p2                      |     |        | or_ln12_2         | or        | auto      | 0       |
|    t_2_fu_876_p3                            |     |        | t_2               | select    | auto_sel  | 0       |
|    icmp_ln19_fu_891_p2                      |     |        | icmp_ln19         | setgt     | auto      | 0       |
|    icmp_ln24_fu_911_p2                      |     |        | icmp_ln24         | setne     | auto      | 0       |
|    add_ln24_fu_917_p2                       |     |        | add_ln24          | add       | fabric    | 0       |
|    select_ln24_fu_923_p3                    |     |        | select_ln24       | select    | auto_sel  | 0       |
|    ref_tmp_i_i_i_0_fu_931_p3                |     |        | ref_tmp_i_i_i_0   | select    | auto_sel  | 0       |
|    select_ln25_fu_959_p3                    |     |        | select_ln25       | select    | auto_sel  | 0       |
|    sub_ln25_fu_975_p2                       |     |        | sub_ln25          | sub       | fabric    | 0       |
|    xor_ln25_fu_1001_p2                      |     |        | xor_ln25          | xor       | auto      | 0       |
|    and_ln25_fu_1007_p2                      |     |        | and_ln25          | and       | auto      | 0       |
|    xor_ln25_1_fu_1013_p2                    |     |        | xor_ln25_1        | xor       | auto      | 0       |
|    u_fu_1067_p6                             |     |        | select_ln25_1     | select    | auto_sel  | 0       |
|    xor_ln15_fu_1027_p2                      |     |        | xor_ln15          | xor       | auto      | 0       |
|    and_ln19_fu_1033_p2                      |     |        | and_ln19          | and       | auto      | 0       |
|    sparsemux_7_2_3_1_1_U43                  |     |        | k                 | sparsemux | auto      | 0       |
|    or_ln19_fu_1039_p2                       |     |        | or_ln19           | or        | auto      | 0       |
|    xor_ln19_fu_1045_p2                      |     |        | xor_ln19          | xor       | auto      | 0       |
|    and_ln25_2_fu_1051_p2                    |     |        | and_ln25_2        | and       | auto      | 0       |
|    sparsemux_9_3_16_1_1_U42                 |     |        | u                 | sparsemux | auto      | 0       |
|    icmp_ln49_fu_1428_p2                     |     |        | icmp_ln49         | setne     | auto      | 0       |
|    add_ln49_1_fu_1434_p2                    |     |        | add_ln49_1        | add       | fabric    | 0       |
|    select_ln49_fu_1440_p3                   |     |        | select_ln49       | select    | auto_sel  | 0       |
|    ui_fu_1448_p3                            |     |        | ui                | select    | auto_sel  | 0       |
|    add_ln12_2_fu_1095_p2                    |     |        | add_ln12_2        | add       | fabric    | 0       |
|    add_ln12_4_fu_1125_p2                    |     |        | add_ln12_4        | add       | fabric    | 0       |
|    icmp_ln12_4_fu_1161_p2                   |     |        | icmp_ln12_4       | setne     | auto      | 0       |
|    or_ln12_3_fu_1183_p2                     |     |        | or_ln12_3         | or        | auto      | 0       |
|    and_ln12_7_fu_1189_p2                    |     |        | and_ln12_7        | and       | auto      | 0       |
|    t_4_fu_1199_p2                           |     |        | t_4               | add       | fabric    | 0       |
|    xor_ln12_6_fu_1213_p2                    |     |        | xor_ln12_6        | xor       | auto      | 0       |
|    and_ln12_8_fu_1219_p2                    |     |        | and_ln12_8        | and       | auto      | 0       |
|    icmp_ln12_5_fu_1243_p2                   |     |        | icmp_ln12_5       | seteq     | auto      | 0       |
|    icmp_ln12_6_fu_1259_p2                   |     |        | icmp_ln12_6       | seteq     | auto      | 0       |
|    icmp_ln12_7_fu_1265_p2                   |     |        | icmp_ln12_7       | seteq     | auto      | 0       |
|    select_ln12_4_fu_1271_p3                 |     |        | select_ln12_4     | select    | auto_sel  | 0       |
|    xor_ln12_7_fu_1279_p2                    |     |        | xor_ln12_7        | xor       | auto      | 0       |
|    and_ln12_9_fu_1285_p2                    |     |        | and_ln12_9        | and       | auto      | 0       |
|    select_ln12_5_fu_1291_p3                 |     |        | select_ln12_5     | select    | auto_sel  | 0       |
|    and_ln12_10_fu_1456_p2                   |     |        | and_ln12_10       | and       | auto      | 0       |
|    xor_ln12_8_fu_1460_p2                    |     |        | xor_ln12_8        | xor       | auto      | 0       |
|    empty_14_fu_1466_p2                      |     |        | empty_14          | and       | auto      | 0       |
|    xor_ln12_9_fu_1299_p2                    |     |        | xor_ln12_9        | xor       | auto      | 0       |
|    or_ln12_4_fu_1305_p2                     |     |        | or_ln12_4         | or        | auto      | 0       |
|    xor_ln12_10_fu_1311_p2                   |     |        | xor_ln12_10       | xor       | auto      | 0       |
|    and_ln12_11_fu_1317_p2                   |     |        | and_ln12_11       | and       | auto      | 0       |
|    and_ln12_12_fu_1323_p2                   |     |        | and_ln12_12       | and       | auto      | 0       |
|    xor_ln12_11_fu_1329_p2                   |     |        | xor_ln12_11       | xor       | auto      | 0       |
|    and_ln12_13_fu_1471_p2                   |     |        | and_ln12_13       | and       | auto      | 0       |
|    select_ln12_6_fu_1476_p3                 |     |        | select_ln12_6     | select    | auto_sel  | 0       |
|    or_ln12_5_fu_1483_p2                     |     |        | or_ln12_5         | or        | auto      | 0       |
|    t_5_fu_1488_p3                           |     |        | t_5               | select    | auto_sel  | 0       |
|    icmp_ln19_1_fu_1503_p2                   |     |        | icmp_ln19_1       | setgt     | auto      | 0       |
|    icmp_ln24_1_fu_1523_p2                   |     |        | icmp_ln24_1       | setne     | auto      | 0       |
|    add_ln24_1_fu_1529_p2                    |     |        | add_ln24_1        | add       | fabric    | 0       |
|    select_ln24_1_fu_1535_p3                 |     |        | select_ln24_1     | select    | auto_sel  | 0       |
|    ref_tmp_i_i_i_0_1_fu_1543_p3             |     |        | ref_tmp_i_i_i_0_1 | select    | auto_sel  | 0       |
|    select_ln25_2_fu_1571_p3                 |     |        | select_ln25_2     | select    | auto_sel  | 0       |
|    sub_ln25_1_fu_1587_p2                    |     |        | sub_ln25_1        | sub       | fabric    | 0       |
|    xor_ln25_2_fu_1613_p2                    |     |        | xor_ln25_2        | xor       | auto      | 0       |
|    and_ln25_1_fu_1619_p2                    |     |        | and_ln25_1        | and       | auto      | 0       |
|    xor_ln25_3_fu_1625_p2                    |     |        | xor_ln25_3        | xor       | auto      | 0       |
|    u_1_fu_1679_p6                           |     |        | select_ln25_3     | select    | auto_sel  | 0       |
|    xor_ln15_1_fu_1639_p2                    |     |        | xor_ln15_1        | xor       | auto      | 0       |
|    and_ln19_1_fu_1645_p2                    |     |        | and_ln19_1        | and       | auto      | 0       |
|    sparsemux_7_2_3_1_1_U45                  |     |        | k_1               | sparsemux | auto      | 0       |
|    or_ln19_1_fu_1651_p2                     |     |        | or_ln19_1         | or        | auto      | 0       |
|    xor_ln19_1_fu_1657_p2                    |     |        | xor_ln19_1        | xor       | auto      | 0       |
|    and_ln25_3_fu_1663_p2                    |     |        | and_ln25_3        | and       | auto      | 0       |
|    sparsemux_9_3_16_1_1_U44                 |     |        | u_1               | sparsemux | auto      | 0       |
|    icmp_ln49_1_fu_1816_p2                   |     |        | icmp_ln49_1       | setne     | auto      | 0       |
|    add_ln49_3_fu_1822_p2                    |     |        | add_ln49_3        | add       | fabric    | 0       |
|    select_ln49_1_fu_1828_p3                 |     |        | select_ln49_1     | select    | auto_sel  | 0       |
|    ui_1_fu_1836_p3                          |     |        | ui_1              | select    | auto_sel  | 0       |
|    add_ln76_fu_1848_p2                      |     |        | add_ln76          | add       | fabric    | 0       |
|    add_ln76_1_fu_1869_p2                    |     |        | add_ln76_1        | add       | fabric    | 0       |
|    add_ln76_2_fu_1890_p2                    |     |        | add_ln76_2        | add       | fabric    | 0       |
|    sparsemux_9_2_16_1_1_U46                 |     |        | tmp_33            | sparsemux | auto      | 0       |
|    mac_muladd_16s_8ns_26s_26_4_1_U56        | 1   |        | mul_ln76          | mul       | dsp_slice | 3       |
|    mac_muladd_16s_8ns_26s_26_4_1_U56        | 1   |        | sext_ln76_1       | sext      | dsp_slice | 3       |
|    sparsemux_9_2_16_1_1_U47                 |     |        | tmp_34            | sparsemux | auto      | 0       |
|    mul_16s_10ns_26_1_1_U50                  | 1   |        | mul_ln76_1        | mul       | auto      | 0       |
|    mac_muladd_16s_8ns_26s_26_4_1_U56        | 1   |        | add_ln76_3        | add       | dsp_slice | 3       |
|    sparsemux_9_2_16_1_1_U48                 |     |        | tmp_35            | sparsemux | auto      | 0       |
|    mac_muladd_16s_10ns_26s_27_4_1_U57       | 1   |        | mul_ln76_2        | mul       | dsp_slice | 3       |
|    mac_muladd_16s_10ns_26s_27_4_1_U57       | 1   |        | sext_ln76_5       | sext      | dsp_slice | 3       |
|    mac_muladd_16s_10ns_26s_27_4_1_U57       | 1   |        | add_ln76_4        | add       | dsp_slice | 3       |
|    sparsemux_9_2_16_1_1_U51                 |     |        | tmp_36            | sparsemux | auto      | 0       |
|    mac_muladd_16s_8ns_27s_27_4_1_U59        | 1   |        | mul_ln76_3        | mul       | dsp_slice | 3       |
|    mac_muladd_16s_8ns_27s_27_4_1_U59        | 1   |        | sext_ln76_7       | sext      | dsp_slice | 3       |
|    mac_muladd_16s_8ns_27s_27_4_1_U59        | 1   |        | add_ln76_5        | add       | dsp_slice | 3       |
|    icmp_ln76_fu_2274_p2                     |     |        | icmp_ln76         | setne     | auto      | 0       |
|    or_ln76_fu_2294_p2                       |     |        | or_ln76           | or        | auto      | 0       |
|    and_ln76_fu_2300_p2                      |     |        | and_ln76          | and       | auto      | 0       |
|    add_ln76_6_fu_2310_p2                    |     |        | add_ln76_6        | add       | fabric    | 0       |
|    xor_ln76_fu_2324_p2                      |     |        | xor_ln76          | xor       | auto      | 0       |
|    or_ln76_6_fu_2330_p2                     |     |        | or_ln76_6         | or        | auto      | 0       |
|    xor_ln76_2_fu_2336_p2                    |     |        | xor_ln76_2        | xor       | auto      | 0       |
|    xor_ln76_1_fu_2342_p2                    |     |        | xor_ln76_1        | xor       | auto      | 0       |
|    xor_ln76_3_fu_2348_p2                    |     |        | xor_ln76_3        | xor       | auto      | 0       |
|    or_ln76_1_fu_2354_p2                     |     |        | or_ln76_1         | or        | auto      | 0       |
|    and_ln76_1_fu_2360_p2                    |     |        | and_ln76_1        | and       | auto      | 0       |
|    or_ln76_8_fu_2366_p2                     |     |        | or_ln76_8         | or        | auto      | 0       |
|    xor_ln76_4_fu_2372_p2                    |     |        | xor_ln76_4        | xor       | auto      | 0       |
|    and_ln76_2_fu_2378_p2                    |     |        | and_ln76_2        | and       | auto      | 0       |
|    select_ln76_fu_2384_p3                   |     |        | select_ln76       | select    | auto_sel  | 0       |
|    or_ln76_2_fu_2392_p2                     |     |        | or_ln76_2         | or        | auto      | 0       |
|    o_sum_fu_2398_p3                         |     |        | o_sum             | select    | auto_sel  | 0       |
|    add_ln76_7_fu_2015_p2                    |     |        | add_ln76_7        | add       | fabric    | 0       |
|    add_ln76_8_fu_2036_p2                    |     |        | add_ln76_8        | add       | fabric    | 0       |
|    add_ln76_9_fu_2057_p2                    |     |        | add_ln76_9        | add       | fabric    | 0       |
|    sparsemux_9_2_16_1_1_U49                 |     |        | tmp_43            | sparsemux | auto      | 0       |
|    mac_muladd_16s_8ns_26s_26_4_1_U58        | 1   |        | mul_ln76_4        | mul       | dsp_slice | 3       |
|    mac_muladd_16s_8ns_26s_26_4_1_U58        | 1   |        | sext_ln76_9       | sext      | dsp_slice | 3       |
|    sparsemux_9_2_16_1_1_U52                 |     |        | tmp_44            | sparsemux | auto      | 0       |
|    mul_16s_10ns_26_1_1_U54                  | 1   |        | mul_ln76_5        | mul       | auto      | 0       |
|    mac_muladd_16s_8ns_26s_26_4_1_U58        | 1   |        | add_ln76_10       | add       | dsp_slice | 3       |
|    sparsemux_9_2_16_1_1_U53                 |     |        | tmp_45            | sparsemux | auto      | 0       |
|    mac_muladd_16s_10ns_26s_27_4_1_U60       | 1   |        | mul_ln76_6        | mul       | dsp_slice | 3       |
|    mac_muladd_16s_10ns_26s_27_4_1_U60       | 1   |        | sext_ln76_13      | sext      | dsp_slice | 3       |
|    mac_muladd_16s_10ns_26s_27_4_1_U60       | 1   |        | add_ln76_11       | add       | dsp_slice | 3       |
|    sparsemux_9_2_16_1_1_U55                 |     |        | tmp_46            | sparsemux | auto      | 0       |
|    mac_muladd_16s_8ns_27s_27_4_1_U61        | 1   |        | mul_ln76_7        | mul       | dsp_slice | 3       |
|    mac_muladd_16s_8ns_27s_27_4_1_U61        | 1   |        | sext_ln76_15      | sext      | dsp_slice | 3       |
|    mac_muladd_16s_8ns_27s_27_4_1_U61        | 1   |        | add_ln76_12       | add       | dsp_slice | 3       |
|    icmp_ln76_1_fu_2432_p2                   |     |        | icmp_ln76_1       | setne     | auto      | 0       |
|    or_ln76_3_fu_2452_p2                     |     |        | or_ln76_3         | or        | auto      | 0       |
|    and_ln76_3_fu_2458_p2                    |     |        | and_ln76_3        | and       | auto      | 0       |
|    add_ln76_13_fu_2468_p2                   |     |        | add_ln76_13       | add       | fabric    | 0       |
|    xor_ln76_5_fu_2482_p2                    |     |        | xor_ln76_5        | xor       | auto      | 0       |
|    or_ln76_7_fu_2488_p2                     |     |        | or_ln76_7         | or        | auto      | 0       |
|    xor_ln76_6_fu_2494_p2                    |     |        | xor_ln76_6        | xor       | auto      | 0       |
|    xor_ln76_7_fu_2500_p2                    |     |        | xor_ln76_7        | xor       | auto      | 0       |
|    xor_ln76_8_fu_2506_p2                    |     |        | xor_ln76_8        | xor       | auto      | 0       |
|    or_ln76_4_fu_2512_p2                     |     |        | or_ln76_4         | or        | auto      | 0       |
|    and_ln76_4_fu_2518_p2                    |     |        | and_ln76_4        | and       | auto      | 0       |
|    or_ln76_9_fu_2524_p2                     |     |        | or_ln76_9         | or        | auto      | 0       |
|    xor_ln76_9_fu_2530_p2                    |     |        | xor_ln76_9        | xor       | auto      | 0       |
|    and_ln76_5_fu_2536_p2                    |     |        | and_ln76_5        | and       | auto      | 0       |
|    select_ln76_2_fu_2542_p3                 |     |        | select_ln76_2     | select    | auto_sel  | 0       |
|    or_ln76_5_fu_2550_p2                     |     |        | or_ln76_5         | or        | auto      | 0       |
|    select_ln76_3_fu_2556_p3                 |     |        | select_ln76_3     | select    | auto_sel  | 0       |
|    o_sum_1_fu_2571_p2                       |     |        | o_sum_1           | add       | fabric    | 0       |
|    add_ln82_1_fu_2576_p2                    |     |        | add_ln82_1        | add       | fabric    | 0       |
|    xor_ln82_fu_2598_p2                      |     |        | xor_ln82          | xor       | auto      | 0       |
|    and_ln82_fu_2603_p2                      |     |        | and_ln82          | and       | auto      | 0       |
|    xor_ln82_1_fu_2608_p2                    |     |        | xor_ln82_1        | xor       | auto      | 0       |
|    select_ln82_fu_2612_p3                   |     |        | select_ln82       | select    | auto_sel  | 0       |
|    ap_return                                |     |        | o_sum_2           | select    | auto_sel  | 0       |
+---------------------------------------------+-----+--------+-------------------+-----------+-----------+---------+


================================================================
== Storage Report
================================================================
+-----------------------------------------------------------------------------------+--------+------+------+------+--------+-------------------------------------------------------------------------------+--------+---------+------------------+
| Name                                                                              | Usage  | Type | BRAM | URAM | Pragma | Variable                                                                      | Impl   | Latency | Bitwidth, Depth, |
|                                                                                   |        |      |      |      |        |                                                                               |        |         | Banks            |
+-----------------------------------------------------------------------------------+--------+------+------+------+--------+-------------------------------------------------------------------------------+--------+---------+------------------+
| + eclair                                                                          |        |      | 0    | 0    |        |                                                                               |        |         |                  |
|   LUT_B0_U                                                                        | rom_1p |      |      |      | pragma | LUT_B0                                                                        | lutram | 1       | 8, 256, 1        |
|   p_ZZ6eclairPK8ap_fixedILi16ELi6EL9ap_q_mode4EL9ap_o_mode0ELi0EEPS2_S4_E1P_0_0_U | ram_2p |      |      |      | pragma | p_ZZ6eclairPK8ap_fixedILi16ELi6EL9ap_q_mode4EL9ap_o_mode0ELi0EEPS2_S4_E1P_0_0 | lutram | 1       | 16, 2, 1         |
|   p_ZZ6eclairPK8ap_fixedILi16ELi6EL9ap_q_mode4EL9ap_o_mode0ELi0EEPS2_S4_E1P_0_1_U | ram_2p |      |      |      | pragma | p_ZZ6eclairPK8ap_fixedILi16ELi6EL9ap_q_mode4EL9ap_o_mode0ELi0EEPS2_S4_E1P_0_1 | lutram | 1       | 16, 2, 1         |
|   p_ZZ6eclairPK8ap_fixedILi16ELi6EL9ap_q_mode4EL9ap_o_mode0ELi0EEPS2_S4_E1P_0_2_U | ram_2p |      |      |      | pragma | p_ZZ6eclairPK8ap_fixedILi16ELi6EL9ap_q_mode4EL9ap_o_mode0ELi0EEPS2_S4_E1P_0_2 | lutram | 1       | 16, 2, 1         |
|   p_ZZ6eclairPK8ap_fixedILi16ELi6EL9ap_q_mode4EL9ap_o_mode0ELi0EEPS2_S4_E1P_0_3_U | ram_2p |      |      |      | pragma | p_ZZ6eclairPK8ap_fixedILi16ELi6EL9ap_q_mode4EL9ap_o_mode0ELi0EEPS2_S4_E1P_0_3 | lutram | 1       | 16, 2, 1         |
|   LUT_B1_U                                                                        | rom_1p |      |      |      | pragma | LUT_B1                                                                        | lutram | 1       | 10, 256, 1       |
|   LUT_B2_U                                                                        | rom_1p |      |      |      | pragma | LUT_B2                                                                        | lutram | 1       | 10, 256, 1       |
|   LUT_B3_U                                                                        | rom_1p |      |      |      | pragma | LUT_B3                                                                        | lutram | 1       | 8, 256, 1        |
|   p_ZZ6eclairPK8ap_fixedILi16ELi6EL9ap_q_mode4EL9ap_o_mode0ELi0EEPS2_S4_E1P_1_0_U | ram_2p |      |      |      | pragma | p_ZZ6eclairPK8ap_fixedILi16ELi6EL9ap_q_mode4EL9ap_o_mode0ELi0EEPS2_S4_E1P_1_0 | lutram | 1       | 16, 2, 1         |
|   p_ZZ6eclairPK8ap_fixedILi16ELi6EL9ap_q_mode4EL9ap_o_mode0ELi0EEPS2_S4_E1P_1_1_U | ram_2p |      |      |      | pragma | p_ZZ6eclairPK8ap_fixedILi16ELi6EL9ap_q_mode4EL9ap_o_mode0ELi0EEPS2_S4_E1P_1_1 | lutram | 1       | 16, 2, 1         |
|   p_ZZ6eclairPK8ap_fixedILi16ELi6EL9ap_q_mode4EL9ap_o_mode0ELi0EEPS2_S4_E1P_1_2_U | ram_2p |      |      |      | pragma | p_ZZ6eclairPK8ap_fixedILi16ELi6EL9ap_q_mode4EL9ap_o_mode0ELi0EEPS2_S4_E1P_1_2 | lutram | 1       | 16, 2, 1         |
|   p_ZZ6eclairPK8ap_fixedILi16ELi6EL9ap_q_mode4EL9ap_o_mode0ELi0EEPS2_S4_E1P_1_3_U | ram_2p |      |      |      | pragma | p_ZZ6eclairPK8ap_fixedILi16ELi6EL9ap_q_mode4EL9ap_o_mode0ELi0EEPS2_S4_E1P_1_3 | lutram | 1       | 16, 2, 1         |
+-----------------------------------------------------------------------------------+--------+------+------+------+--------+-------------------------------------------------------------------------------+--------+---------+------------------+


================================================================
== Pragma Report
================================================================
* Valid Pragma Syntax
+-----------------+------------------------------------------+--------------------------------------------------+
| Type            | Options                                  | Location                                         |
+-----------------+------------------------------------------+--------------------------------------------------+
| inline          |                                          | ./components.h:9 in cell_index_and_local_u       |
| array_partition | variable=k_arr complete                  | ./components.h:41 in forward_layer, k_arr        |
| array_partition | variable=ui_arr complete                 | ./components.h:42 in forward_layer, ui_arr       |
| unroll          |                                          | ./components.h:46 in forward_layer               |
| pipeline        |                                          | ./components.h:55 in forward_layer               |
| array_partition | variable=partial_sums complete dim=0     | ./components.h:59 in forward_layer, partial_sums |
| unroll          |                                          | ./components.h:63 in forward_layer               |
| unroll          |                                          | ./components.h:81 in forward_layer               |
| pipeline        |                                          | ./components.h:96 in backward_input              |
| unroll          |                                          | ./components.h:99 in backward_input              |
| unroll          |                                          | ./components.h:106 in backward_input             |
| pipeline        |                                          | ./components.h:130 in backward                   |
| unroll          |                                          | ./components.h:133 in backward                   |
| unroll          |                                          | ./components.h:138 in backward                   |
| unroll          |                                          | ./components.h:145 in backward                   |
| array_partition | variable=input complete dim=0            | eclair.cpp:12 in eclair, input                   |
| array_partition | variable=output complete dim=0           | eclair.cpp:13 in eclair, output                  |
| array_partition | variable=feedback complete dim=0         | eclair.cpp:14 in eclair, feedback                |
| bind_storage    | variable=LUT.B0 type=rom_1p impl=lutram  | eclair.cpp:17 in eclair, LUT.B0                  |
| bind_storage    | variable=LUT.dB0 type=rom_1p impl=lutram | eclair.cpp:18 in eclair, LUT.dB0                 |
| bind_storage    | variable=LUT.B1 type=rom_1p impl=lutram  | eclair.cpp:19 in eclair, LUT.B1                  |
| bind_storage    | variable=LUT.dB1 type=rom_1p impl=lutram | eclair.cpp:20 in eclair, LUT.dB1                 |
| bind_storage    | variable=LUT.B2 type=rom_1p impl=lutram  | eclair.cpp:21 in eclair, LUT.B2                  |
| bind_storage    | variable=LUT.dB2 type=rom_1p impl=lutram | eclair.cpp:22 in eclair, LUT.dB2                 |
| bind_storage    | variable=LUT.B3 type=rom_1p impl=lutram  | eclair.cpp:23 in eclair, LUT.B3                  |
| bind_storage    | variable=LUT.dB3 type=rom_1p impl=lutram | eclair.cpp:24 in eclair, LUT.dB3                 |
| bind_storage    | variable=P.L0.Ws type=ram_2p impl=lutram | eclair.cpp:27 in eclair, P.L0.Ws                 |
| array_partition | variable=P.L0.Ws complete dim=1          | eclair.cpp:28 in eclair, P.L0.Ws                 |
| array_partition | variable=P.L0.Ws complete dim=2          | eclair.cpp:29 in eclair, P.L0.Ws                 |
| array_partition | variable=P.L0.Ws cyclic factor=4 dim=3   | eclair.cpp:30 in eclair, P.L0.Ws                 |
| array_partition | variable=C.C0.k complete                 | eclair.cpp:33 in eclair, C.C0.k                  |
| array_partition | variable=C.C0.u_index complete           | eclair.cpp:34 in eclair, C.C0.u_index            |
+-----------------+------------------------------------------+--------------------------------------------------+


