================================================================
== Design Size Report
================================================================

* Total Instructions per Compilation Phase
+---------------+-----------------------------+--------------+----------------------------------------------------------------------------------------+
| Phase         | Step                        | Instructions | Description                                                                            |
+---------------+-----------------------------+--------------+----------------------------------------------------------------------------------------+
| Compile/Link  |                             | 9,757        | After all functions are compiled and linked into a single design                       |
|               |                             |              |                                                                                        |
| Unroll/Inline |                             |              | After user unroll and inline pragmas are applied                                       |
|               | (1) unroll                  | 2,018        | user unroll pragmas are applied                                                        |
|               | (2) simplification          | 1,065        | simplification of applied user unroll pragmas                                          |
|               | (3) inline                  | 1,050        | user inline pragmas are applied                                                        |
|               | (4) simplification          | 1,011        | simplification of applied user inline pragmas                                          |
|               |                             |              |                                                                                        |
| Array/Struct  |                             |              | After user array partition and struct aggregate/disaggregate pragmas are applied       |
|               | (1) array partition         | 5,086        | user array partition pragmas are applied                                               |
|               | (2) simplification          |   986        | simplification of applied user array partition & struct aggregate/disaggregate pragmas |
|               | (3) aggregate/disaggregate  |   986        | user struct aggregate/disaggregate pragmas are applied                                 |
|               | (4) array reshape           |   986        | apply array reshape pragmas                                                            |
|               | (5) access patterns         |   986        | array access pattern optmizations                                                      |
|               |                             |              |                                                                                        |
| Performance   |                             |              | After transformations are applied to meet performance pragma targets                   |
|               | (1) loop simplification     |   986        | loop and instruction simplification                                                    |
|               | (2) parallelization         |   986        | loops are unrolled or pipelined to meet performance targets                            |
|               | (3) array partition         |   986        | arrays are partitioned to meet performance targets                                     |
|               | (4) simplification          |   986        | simplification of design after performance transformations                             |
|               |                             |              |                                                                                        |
| HW Transforms |                             |              | After hardware transfomations                                                          |
|               | (1) lowering                |   994        | initial conversion to HW specific instructions                                         |
|               | (2) optimizations           |   995        | high level synthesis optimizations                                                     |
+---------------+-----------------------------+--------------+----------------------------------------------------------------------------------------+

* Instructions per Function for each Compilation Phase
+------------------------------------+-----------------+--------------+---------------+--------------+-------------+---------------+
| Function                           | Location        | Compile/Link | Unroll/Inline | Array/Struct | Performance | HW Transforms |
+------------------------------------+-----------------+--------------+---------------+--------------+-------------+---------------+
| + eclair                           | eclair.cpp:5    | 9,757        | 1,011         | 986          | 986         | 995           |
|    backward_input<2, 1, ap_fixe... | components.h:75 | 3,360        |  572          | 562          | 561         | 561           |
|  + forward_layer<2, 1>             | components.h:30 | 6,390        |  432          | 421          | 419         | 419           |
|     cell_index_and_local_u         | components.h:8  | 2,789        |               |              |             |               |
+------------------------------------+-----------------+--------------+---------------+--------------+-------------+---------------+

* Design Size Message Settings
+---------------------------------------------+--------+------------------------------------------------------------------+
| Message Setting                             | Value  | Description                                                      |
+---------------------------------------------+--------+------------------------------------------------------------------+
| config_compile -design_size_maximum_warning | 100000 | Show a warning when total design instructions exceeds this value |
+---------------------------------------------+--------+------------------------------------------------------------------+


