

================================================================
== Vitis HLS Report for 'forward_layer_4_2_Pipeline_ACCUM_O'
================================================================
* Date:           Fri Nov 14 06:16:34 2025

* Version:        2024.1 (Build 5069499 on May 21 2024)
* Project:        eclair
* Solution:       solution (Vivado IP Flow Target)
* Product family: virtexuplus
* Target device:  xcvu13p-flga2577-2-e


================================================================
== Performance Estimates
================================================================
+ Timing: 
    * Summary: 
    +--------+---------+----------+------------+
    |  Clock |  Target | Estimated| Uncertainty|
    +--------+---------+----------+------------+
    |ap_clk  |  5.00 ns|  3.372 ns|     1.35 ns|
    +--------+---------+----------+------------+

+ Latency: 
    * Summary: 
    +---------+---------+----------+----------+-----+-----+-----------------------------------------------+
    |  Latency (cycles) |  Latency (absolute) |  Interval |                    Pipeline                   |
    |   min   |   max   |    min   |    max   | min | max |                      Type                     |
    +---------+---------+----------+----------+-----+-----+-----------------------------------------------+
    |       41|       41|  0.205 us|  0.205 us|    3|    3|  loop auto-rewind stp(delay=0 clock cycles(s))|
    +---------+---------+----------+----------+-----+-----+-----------------------------------------------+

    + Detail: 
        * Instance: 
        N/A

        * Loop: 
        +-----------+---------+---------+----------+-----------+-----------+------+----------+
        |           |  Latency (cycles) | Iteration|  Initiation Interval  | Trip |          |
        | Loop Name |   min   |   max   |  Latency |  achieved |   target  | Count| Pipelined|
        +-----------+---------+---------+----------+-----------+-----------+------+----------+
        |- ACCUM_O  |       39|       39|        39|          1|          1|     2|       yes|
        +-----------+---------+---------+----------+-----------+-----------+------+----------+



================================================================
== Utilization Estimates
================================================================
* Summary: 
+---------------------+---------+-------+---------+---------+------+
|         Name        | BRAM_18K|  DSP  |    FF   |   LUT   | URAM |
+---------------------+---------+-------+---------+---------+------+
|DSP                  |        -|      -|        -|        -|     -|
|Expression           |        -|      -|        0|      551|     -|
|FIFO                 |        -|      -|        -|        -|     -|
|Instance             |        -|      -|        -|        -|     -|
|Memory               |        -|      -|        -|        -|     -|
|Multiplexer          |        -|      -|        0|       36|     -|
|Register             |        -|      -|     1201|       64|     -|
+---------------------+---------+-------+---------+---------+------+
|Total                |        0|      0|     1201|      651|     0|
+---------------------+---------+-------+---------+---------+------+
|Available SLR        |     1344|   3072|   864000|   432000|   320|
+---------------------+---------+-------+---------+---------+------+
|Utilization SLR (%)  |        0|      0|       ~0|       ~0|     0|
+---------------------+---------+-------+---------+---------+------+
|Available            |     5376|  12288|  3456000|  1728000|  1280|
+---------------------+---------+-------+---------+---------+------+
|Utilization (%)      |        0|      0|       ~0|       ~0|     0|
+---------------------+---------+-------+---------+---------+------+

+ Detail: 
    * Instance: 
    N/A

    * DSP: 
    N/A

    * Memory: 
    N/A

    * FIFO: 
    N/A

    * Expression: 
    +--------------------------+----------+----+---+----+------------+------------+
    |       Variable Name      | Operation| DSP| FF| LUT| Bitwidth P0| Bitwidth P1|
    +--------------------------+----------+----+---+----+------------+------------+
    |add_ln53_fu_681_p2        |         +|   0|  0|   9|           2|           1|
    |icmp_ln53_fu_675_p2       |      icmp|   0|  0|  10|           2|           3|
    |icmp_ln65_fu_687_p2       |      icmp|   0|  0|   9|           2|           1|
    |icmp_ln75_fu_693_p2       |      icmp|   0|  0|   9|           2|           1|
    |select_ln75_10_fu_866_p3  |    select|   0|  0|  32|           1|          32|
    |select_ln75_11_fu_884_p3  |    select|   0|  0|  32|           1|          32|
    |select_ln75_12_fu_872_p3  |    select|   0|  0|  32|           1|          32|
    |select_ln75_13_fu_878_p3  |    select|   0|  0|  32|           1|          32|
    |select_ln75_14_fu_890_p3  |    select|   0|  0|  32|           1|          32|
    |select_ln75_15_fu_896_p3  |    select|   0|  0|  32|           1|          32|
    |select_ln75_1_fu_708_p3   |    select|   0|  0|  32|           1|          32|
    |select_ln75_2_fu_818_p3   |    select|   0|  0|  32|           1|          32|
    |select_ln75_3_fu_836_p3   |    select|   0|  0|  32|           1|          32|
    |select_ln75_4_fu_824_p3   |    select|   0|  0|  32|           1|          32|
    |select_ln75_5_fu_830_p3   |    select|   0|  0|  32|           1|          32|
    |select_ln75_6_fu_842_p3   |    select|   0|  0|  32|           1|          32|
    |select_ln75_7_fu_860_p3   |    select|   0|  0|  32|           1|          32|
    |select_ln75_8_fu_848_p3   |    select|   0|  0|  32|           1|          32|
    |select_ln75_9_fu_854_p3   |    select|   0|  0|  32|           1|          32|
    |select_ln75_fu_699_p3     |    select|   0|  0|  32|           1|          32|
    |ap_enable_pp0             |       xor|   0|  0|   2|           1|           2|
    +--------------------------+----------+----+---+----+------------+------------+
    |Total                     |          |   0|  0| 551|          25|         520|
    +--------------------------+----------+----+---+----+------------+------------+

    * Multiplexer: 
    +-------------------------+----+-----------+-----+-----------+
    |           Name          | LUT| Input Size| Bits| Total Bits|
    +-------------------------+----+-----------+-----+-----------+
    |ap_done_int              |   9|          2|    1|          2|
    |ap_enable_reg_pp0_iter1  |   9|          2|    1|          2|
    |ap_sig_allocacmp_o_1     |   9|          2|    2|          4|
    |o_fu_182                 |   9|          2|    2|          4|
    +-------------------------+----+-----------+-----+-----------+
    |Total                    |  36|          8|    6|         12|
    +-------------------------+----+-----------+-----+-----------+

    * Register: 
    +-----------------------------------+----+----+-----+-----------+
    |                Name               | FF | LUT| Bits| Const Bits|
    +-----------------------------------+----+----+-----+-----------+
    |add1_reg_1236                      |  32|   0|   32|          0|
    |add2_reg_1286                      |  32|   0|   32|          0|
    |add51_1_reg_1246                   |  32|   0|   32|          0|
    |add51_2_reg_1301                   |  32|   0|   32|          0|
    |add51_3_reg_1346                   |  32|   0|   32|          0|
    |add61_1_reg_1291                   |  32|   0|   32|          0|
    |add61_2_reg_1336                   |  32|   0|   32|          0|
    |add61_3_reg_1371                   |  32|   0|   32|          0|
    |add71_1_reg_1331                   |  32|   0|   32|          0|
    |add71_2_reg_1366                   |  32|   0|   32|          0|
    |add71_3_reg_1386                   |  32|   0|   32|          0|
    |add_reg_1196                       |  32|   0|   32|          0|
    |ap_CS_fsm                          |   1|   0|    1|          0|
    |ap_done_reg                        |   1|   0|    1|          0|
    |ap_enable_reg_pp0_iter1            |   1|   0|    1|          0|
    |ap_enable_reg_pp0_iter10           |   1|   0|    1|          0|
    |ap_enable_reg_pp0_iter11           |   1|   0|    1|          0|
    |ap_enable_reg_pp0_iter12           |   1|   0|    1|          0|
    |ap_enable_reg_pp0_iter13           |   1|   0|    1|          0|
    |ap_enable_reg_pp0_iter14           |   1|   0|    1|          0|
    |ap_enable_reg_pp0_iter15           |   1|   0|    1|          0|
    |ap_enable_reg_pp0_iter16           |   1|   0|    1|          0|
    |ap_enable_reg_pp0_iter17           |   1|   0|    1|          0|
    |ap_enable_reg_pp0_iter18           |   1|   0|    1|          0|
    |ap_enable_reg_pp0_iter19           |   1|   0|    1|          0|
    |ap_enable_reg_pp0_iter2            |   1|   0|    1|          0|
    |ap_enable_reg_pp0_iter20           |   1|   0|    1|          0|
    |ap_enable_reg_pp0_iter21           |   1|   0|    1|          0|
    |ap_enable_reg_pp0_iter22           |   1|   0|    1|          0|
    |ap_enable_reg_pp0_iter23           |   1|   0|    1|          0|
    |ap_enable_reg_pp0_iter24           |   1|   0|    1|          0|
    |ap_enable_reg_pp0_iter25           |   1|   0|    1|          0|
    |ap_enable_reg_pp0_iter26           |   1|   0|    1|          0|
    |ap_enable_reg_pp0_iter27           |   1|   0|    1|          0|
    |ap_enable_reg_pp0_iter28           |   1|   0|    1|          0|
    |ap_enable_reg_pp0_iter29           |   1|   0|    1|          0|
    |ap_enable_reg_pp0_iter3            |   1|   0|    1|          0|
    |ap_enable_reg_pp0_iter30           |   1|   0|    1|          0|
    |ap_enable_reg_pp0_iter31           |   1|   0|    1|          0|
    |ap_enable_reg_pp0_iter32           |   1|   0|    1|          0|
    |ap_enable_reg_pp0_iter33           |   1|   0|    1|          0|
    |ap_enable_reg_pp0_iter34           |   1|   0|    1|          0|
    |ap_enable_reg_pp0_iter35           |   1|   0|    1|          0|
    |ap_enable_reg_pp0_iter36           |   1|   0|    1|          0|
    |ap_enable_reg_pp0_iter37           |   1|   0|    1|          0|
    |ap_enable_reg_pp0_iter38           |   1|   0|    1|          0|
    |ap_enable_reg_pp0_iter4            |   1|   0|    1|          0|
    |ap_enable_reg_pp0_iter5            |   1|   0|    1|          0|
    |ap_enable_reg_pp0_iter6            |   1|   0|    1|          0|
    |ap_enable_reg_pp0_iter7            |   1|   0|    1|          0|
    |ap_enable_reg_pp0_iter8            |   1|   0|    1|          0|
    |ap_enable_reg_pp0_iter9            |   1|   0|    1|          0|
    |ap_loop_exit_ready_pp0_iter10_reg  |   1|   0|    1|          0|
    |ap_loop_exit_ready_pp0_iter11_reg  |   1|   0|    1|          0|
    |ap_loop_exit_ready_pp0_iter12_reg  |   1|   0|    1|          0|
    |ap_loop_exit_ready_pp0_iter13_reg  |   1|   0|    1|          0|
    |ap_loop_exit_ready_pp0_iter14_reg  |   1|   0|    1|          0|
    |ap_loop_exit_ready_pp0_iter15_reg  |   1|   0|    1|          0|
    |ap_loop_exit_ready_pp0_iter16_reg  |   1|   0|    1|          0|
    |ap_loop_exit_ready_pp0_iter17_reg  |   1|   0|    1|          0|
    |ap_loop_exit_ready_pp0_iter18_reg  |   1|   0|    1|          0|
    |ap_loop_exit_ready_pp0_iter19_reg  |   1|   0|    1|          0|
    |ap_loop_exit_ready_pp0_iter1_reg   |   1|   0|    1|          0|
    |ap_loop_exit_ready_pp0_iter20_reg  |   1|   0|    1|          0|
    |ap_loop_exit_ready_pp0_iter21_reg  |   1|   0|    1|          0|
    |ap_loop_exit_ready_pp0_iter22_reg  |   1|   0|    1|          0|
    |ap_loop_exit_ready_pp0_iter23_reg  |   1|   0|    1|          0|
    |ap_loop_exit_ready_pp0_iter24_reg  |   1|   0|    1|          0|
    |ap_loop_exit_ready_pp0_iter25_reg  |   1|   0|    1|          0|
    |ap_loop_exit_ready_pp0_iter26_reg  |   1|   0|    1|          0|
    |ap_loop_exit_ready_pp0_iter27_reg  |   1|   0|    1|          0|
    |ap_loop_exit_ready_pp0_iter28_reg  |   1|   0|    1|          0|
    |ap_loop_exit_ready_pp0_iter29_reg  |   1|   0|    1|          0|
    |ap_loop_exit_ready_pp0_iter2_reg   |   1|   0|    1|          0|
    |ap_loop_exit_ready_pp0_iter30_reg  |   1|   0|    1|          0|
    |ap_loop_exit_ready_pp0_iter31_reg  |   1|   0|    1|          0|
    |ap_loop_exit_ready_pp0_iter32_reg  |   1|   0|    1|          0|
    |ap_loop_exit_ready_pp0_iter33_reg  |   1|   0|    1|          0|
    |ap_loop_exit_ready_pp0_iter34_reg  |   1|   0|    1|          0|
    |ap_loop_exit_ready_pp0_iter35_reg  |   1|   0|    1|          0|
    |ap_loop_exit_ready_pp0_iter36_reg  |   1|   0|    1|          0|
    |ap_loop_exit_ready_pp0_iter37_reg  |   1|   0|    1|          0|
    |ap_loop_exit_ready_pp0_iter3_reg   |   1|   0|    1|          0|
    |ap_loop_exit_ready_pp0_iter4_reg   |   1|   0|    1|          0|
    |ap_loop_exit_ready_pp0_iter5_reg   |   1|   0|    1|          0|
    |ap_loop_exit_ready_pp0_iter6_reg   |   1|   0|    1|          0|
    |ap_loop_exit_ready_pp0_iter7_reg   |   1|   0|    1|          0|
    |ap_loop_exit_ready_pp0_iter8_reg   |   1|   0|    1|          0|
    |ap_loop_exit_ready_pp0_iter9_reg   |   1|   0|    1|          0|
    |icmp_ln65_reg_1139                 |   1|   0|    1|          0|
    |icmp_ln75_reg_1143                 |   1|   0|    1|          0|
    |mul1_reg_1176                      |  32|   0|   32|          0|
    |mul2_reg_1201                      |  32|   0|   32|          0|
    |mul3_reg_1241                      |  32|   0|   32|          0|
    |mul41_1_reg_1206                   |  32|   0|   32|          0|
    |mul41_2_reg_1256                   |  32|   0|   32|          0|
    |mul41_3_reg_1311                   |  32|   0|   32|          0|
    |mul50_1_reg_1211                   |  32|   0|   32|          0|
    |mul50_2_reg_1261                   |  32|   0|   32|          0|
    |mul50_3_reg_1316                   |  32|   0|   32|          0|
    |mul60_1_reg_1251                   |  32|   0|   32|          0|
    |mul60_2_reg_1306                   |  32|   0|   32|          0|
    |mul60_3_reg_1351                   |  32|   0|   32|          0|
    |mul70_1_reg_1296                   |  32|   0|   32|          0|
    |mul70_2_reg_1341                   |  32|   0|   32|          0|
    |mul70_3_reg_1376                   |  32|   0|   32|          0|
    |mul_reg_1171                       |  32|   0|   32|          0|
    |o_fu_182                           |   2|   0|    2|          0|
    |o_sum_1_reg_1381                   |  32|   0|   32|          0|
    |o_sum_2_reg_1391                   |  32|   0|   32|          0|
    |o_sum_reg_1356                     |  32|   0|   32|          0|
    |icmp_ln65_reg_1139                 |  64|  32|    1|          0|
    |icmp_ln75_reg_1143                 |  64|  32|    1|          0|
    +-----------------------------------+----+----+-----+-----------+
    |Total                              |1201|  64| 1075|          0|
    +-----------------------------------+----+----+-----+-----------+



================================================================
== Interface
================================================================
* Summary: 
+---------------------------------------------------------------------+-----+-----+------------+--------------------------------------------------------------+--------------+
|                              RTL Ports                              | Dir | Bits|  Protocol  |                         Source Object                        |    C Type    |
+---------------------------------------------------------------------+-----+-----+------------+--------------------------------------------------------------+--------------+
|ap_clk                                                               |   in|    1|  ap_ctrl_hs|                          forward_layer<4, 2>_Pipeline_ACCUM_O|  return value|
|ap_rst                                                               |   in|    1|  ap_ctrl_hs|                          forward_layer<4, 2>_Pipeline_ACCUM_O|  return value|
|ap_start                                                             |   in|    1|  ap_ctrl_hs|                          forward_layer<4, 2>_Pipeline_ACCUM_O|  return value|
|ap_done                                                              |  out|    1|  ap_ctrl_hs|                          forward_layer<4, 2>_Pipeline_ACCUM_O|  return value|
|ap_idle                                                              |  out|    1|  ap_ctrl_hs|                          forward_layer<4, 2>_Pipeline_ACCUM_O|  return value|
|ap_ready                                                             |  out|    1|  ap_ctrl_hs|                          forward_layer<4, 2>_Pipeline_ACCUM_O|  return value|
|grp_fu_1905_p_din0                                                   |  out|   32|  ap_ctrl_hs|                          forward_layer<4, 2>_Pipeline_ACCUM_O|  return value|
|grp_fu_1905_p_din1                                                   |  out|   32|  ap_ctrl_hs|                          forward_layer<4, 2>_Pipeline_ACCUM_O|  return value|
|grp_fu_1905_p_opcode                                                 |  out|    1|  ap_ctrl_hs|                          forward_layer<4, 2>_Pipeline_ACCUM_O|  return value|
|grp_fu_1905_p_dout0                                                  |   in|   32|  ap_ctrl_hs|                          forward_layer<4, 2>_Pipeline_ACCUM_O|  return value|
|grp_fu_1905_p_ce                                                     |  out|    1|  ap_ctrl_hs|                          forward_layer<4, 2>_Pipeline_ACCUM_O|  return value|
|grp_fu_4501_p_din0                                                   |  out|   32|  ap_ctrl_hs|                          forward_layer<4, 2>_Pipeline_ACCUM_O|  return value|
|grp_fu_4501_p_din1                                                   |  out|   32|  ap_ctrl_hs|                          forward_layer<4, 2>_Pipeline_ACCUM_O|  return value|
|grp_fu_4501_p_opcode                                                 |  out|    1|  ap_ctrl_hs|                          forward_layer<4, 2>_Pipeline_ACCUM_O|  return value|
|grp_fu_4501_p_dout0                                                  |   in|   32|  ap_ctrl_hs|                          forward_layer<4, 2>_Pipeline_ACCUM_O|  return value|
|grp_fu_4501_p_ce                                                     |  out|    1|  ap_ctrl_hs|                          forward_layer<4, 2>_Pipeline_ACCUM_O|  return value|
|grp_fu_4505_p_din0                                                   |  out|   32|  ap_ctrl_hs|                          forward_layer<4, 2>_Pipeline_ACCUM_O|  return value|
|grp_fu_4505_p_din1                                                   |  out|   32|  ap_ctrl_hs|                          forward_layer<4, 2>_Pipeline_ACCUM_O|  return value|
|grp_fu_4505_p_opcode                                                 |  out|    1|  ap_ctrl_hs|                          forward_layer<4, 2>_Pipeline_ACCUM_O|  return value|
|grp_fu_4505_p_dout0                                                  |   in|   32|  ap_ctrl_hs|                          forward_layer<4, 2>_Pipeline_ACCUM_O|  return value|
|grp_fu_4505_p_ce                                                     |  out|    1|  ap_ctrl_hs|                          forward_layer<4, 2>_Pipeline_ACCUM_O|  return value|
|grp_fu_4509_p_din0                                                   |  out|   32|  ap_ctrl_hs|                          forward_layer<4, 2>_Pipeline_ACCUM_O|  return value|
|grp_fu_4509_p_din1                                                   |  out|   32|  ap_ctrl_hs|                          forward_layer<4, 2>_Pipeline_ACCUM_O|  return value|
|grp_fu_4509_p_opcode                                                 |  out|    1|  ap_ctrl_hs|                          forward_layer<4, 2>_Pipeline_ACCUM_O|  return value|
|grp_fu_4509_p_dout0                                                  |   in|   32|  ap_ctrl_hs|                          forward_layer<4, 2>_Pipeline_ACCUM_O|  return value|
|grp_fu_4509_p_ce                                                     |  out|    1|  ap_ctrl_hs|                          forward_layer<4, 2>_Pipeline_ACCUM_O|  return value|
|grp_fu_4513_p_din0                                                   |  out|   32|  ap_ctrl_hs|                          forward_layer<4, 2>_Pipeline_ACCUM_O|  return value|
|grp_fu_4513_p_din1                                                   |  out|   32|  ap_ctrl_hs|                          forward_layer<4, 2>_Pipeline_ACCUM_O|  return value|
|grp_fu_4513_p_opcode                                                 |  out|    1|  ap_ctrl_hs|                          forward_layer<4, 2>_Pipeline_ACCUM_O|  return value|
|grp_fu_4513_p_dout0                                                  |   in|   32|  ap_ctrl_hs|                          forward_layer<4, 2>_Pipeline_ACCUM_O|  return value|
|grp_fu_4513_p_ce                                                     |  out|    1|  ap_ctrl_hs|                          forward_layer<4, 2>_Pipeline_ACCUM_O|  return value|
|grp_fu_4517_p_din0                                                   |  out|   32|  ap_ctrl_hs|                          forward_layer<4, 2>_Pipeline_ACCUM_O|  return value|
|grp_fu_4517_p_din1                                                   |  out|   32|  ap_ctrl_hs|                          forward_layer<4, 2>_Pipeline_ACCUM_O|  return value|
|grp_fu_4517_p_opcode                                                 |  out|    1|  ap_ctrl_hs|                          forward_layer<4, 2>_Pipeline_ACCUM_O|  return value|
|grp_fu_4517_p_dout0                                                  |   in|   32|  ap_ctrl_hs|                          forward_layer<4, 2>_Pipeline_ACCUM_O|  return value|
|grp_fu_4517_p_ce                                                     |  out|    1|  ap_ctrl_hs|                          forward_layer<4, 2>_Pipeline_ACCUM_O|  return value|
|grp_fu_4521_p_din0                                                   |  out|   32|  ap_ctrl_hs|                          forward_layer<4, 2>_Pipeline_ACCUM_O|  return value|
|grp_fu_4521_p_din1                                                   |  out|   32|  ap_ctrl_hs|                          forward_layer<4, 2>_Pipeline_ACCUM_O|  return value|
|grp_fu_4521_p_opcode                                                 |  out|    1|  ap_ctrl_hs|                          forward_layer<4, 2>_Pipeline_ACCUM_O|  return value|
|grp_fu_4521_p_dout0                                                  |   in|   32|  ap_ctrl_hs|                          forward_layer<4, 2>_Pipeline_ACCUM_O|  return value|
|grp_fu_4521_p_ce                                                     |  out|    1|  ap_ctrl_hs|                          forward_layer<4, 2>_Pipeline_ACCUM_O|  return value|
|grp_fu_4525_p_din0                                                   |  out|   32|  ap_ctrl_hs|                          forward_layer<4, 2>_Pipeline_ACCUM_O|  return value|
|grp_fu_4525_p_din1                                                   |  out|   32|  ap_ctrl_hs|                          forward_layer<4, 2>_Pipeline_ACCUM_O|  return value|
|grp_fu_4525_p_opcode                                                 |  out|    1|  ap_ctrl_hs|                          forward_layer<4, 2>_Pipeline_ACCUM_O|  return value|
|grp_fu_4525_p_dout0                                                  |   in|   32|  ap_ctrl_hs|                          forward_layer<4, 2>_Pipeline_ACCUM_O|  return value|
|grp_fu_4525_p_ce                                                     |  out|    1|  ap_ctrl_hs|                          forward_layer<4, 2>_Pipeline_ACCUM_O|  return value|
|grp_fu_4529_p_din0                                                   |  out|   32|  ap_ctrl_hs|                          forward_layer<4, 2>_Pipeline_ACCUM_O|  return value|
|grp_fu_4529_p_din1                                                   |  out|   32|  ap_ctrl_hs|                          forward_layer<4, 2>_Pipeline_ACCUM_O|  return value|
|grp_fu_4529_p_opcode                                                 |  out|    1|  ap_ctrl_hs|                          forward_layer<4, 2>_Pipeline_ACCUM_O|  return value|
|grp_fu_4529_p_dout0                                                  |   in|   32|  ap_ctrl_hs|                          forward_layer<4, 2>_Pipeline_ACCUM_O|  return value|
|grp_fu_4529_p_ce                                                     |  out|    1|  ap_ctrl_hs|                          forward_layer<4, 2>_Pipeline_ACCUM_O|  return value|
|grp_fu_4533_p_din0                                                   |  out|   32|  ap_ctrl_hs|                          forward_layer<4, 2>_Pipeline_ACCUM_O|  return value|
|grp_fu_4533_p_din1                                                   |  out|   32|  ap_ctrl_hs|                          forward_layer<4, 2>_Pipeline_ACCUM_O|  return value|
|grp_fu_4533_p_opcode                                                 |  out|    1|  ap_ctrl_hs|                          forward_layer<4, 2>_Pipeline_ACCUM_O|  return value|
|grp_fu_4533_p_dout0                                                  |   in|   32|  ap_ctrl_hs|                          forward_layer<4, 2>_Pipeline_ACCUM_O|  return value|
|grp_fu_4533_p_ce                                                     |  out|    1|  ap_ctrl_hs|                          forward_layer<4, 2>_Pipeline_ACCUM_O|  return value|
|grp_fu_4537_p_din0                                                   |  out|   32|  ap_ctrl_hs|                          forward_layer<4, 2>_Pipeline_ACCUM_O|  return value|
|grp_fu_4537_p_din1                                                   |  out|   32|  ap_ctrl_hs|                          forward_layer<4, 2>_Pipeline_ACCUM_O|  return value|
|grp_fu_4537_p_opcode                                                 |  out|    1|  ap_ctrl_hs|                          forward_layer<4, 2>_Pipeline_ACCUM_O|  return value|
|grp_fu_4537_p_dout0                                                  |   in|   32|  ap_ctrl_hs|                          forward_layer<4, 2>_Pipeline_ACCUM_O|  return value|
|grp_fu_4537_p_ce                                                     |  out|    1|  ap_ctrl_hs|                          forward_layer<4, 2>_Pipeline_ACCUM_O|  return value|
|grp_fu_4541_p_din0                                                   |  out|   32|  ap_ctrl_hs|                          forward_layer<4, 2>_Pipeline_ACCUM_O|  return value|
|grp_fu_4541_p_din1                                                   |  out|   32|  ap_ctrl_hs|                          forward_layer<4, 2>_Pipeline_ACCUM_O|  return value|
|grp_fu_4541_p_opcode                                                 |  out|    1|  ap_ctrl_hs|                          forward_layer<4, 2>_Pipeline_ACCUM_O|  return value|
|grp_fu_4541_p_dout0                                                  |   in|   32|  ap_ctrl_hs|                          forward_layer<4, 2>_Pipeline_ACCUM_O|  return value|
|grp_fu_4541_p_ce                                                     |  out|    1|  ap_ctrl_hs|                          forward_layer<4, 2>_Pipeline_ACCUM_O|  return value|
|grp_fu_4545_p_din0                                                   |  out|   32|  ap_ctrl_hs|                          forward_layer<4, 2>_Pipeline_ACCUM_O|  return value|
|grp_fu_4545_p_din1                                                   |  out|   32|  ap_ctrl_hs|                          forward_layer<4, 2>_Pipeline_ACCUM_O|  return value|
|grp_fu_4545_p_opcode                                                 |  out|    1|  ap_ctrl_hs|                          forward_layer<4, 2>_Pipeline_ACCUM_O|  return value|
|grp_fu_4545_p_dout0                                                  |   in|   32|  ap_ctrl_hs|                          forward_layer<4, 2>_Pipeline_ACCUM_O|  return value|
|grp_fu_4545_p_ce                                                     |  out|    1|  ap_ctrl_hs|                          forward_layer<4, 2>_Pipeline_ACCUM_O|  return value|
|grp_fu_4549_p_din0                                                   |  out|   32|  ap_ctrl_hs|                          forward_layer<4, 2>_Pipeline_ACCUM_O|  return value|
|grp_fu_4549_p_din1                                                   |  out|   32|  ap_ctrl_hs|                          forward_layer<4, 2>_Pipeline_ACCUM_O|  return value|
|grp_fu_4549_p_opcode                                                 |  out|    1|  ap_ctrl_hs|                          forward_layer<4, 2>_Pipeline_ACCUM_O|  return value|
|grp_fu_4549_p_dout0                                                  |   in|   32|  ap_ctrl_hs|                          forward_layer<4, 2>_Pipeline_ACCUM_O|  return value|
|grp_fu_4549_p_ce                                                     |  out|    1|  ap_ctrl_hs|                          forward_layer<4, 2>_Pipeline_ACCUM_O|  return value|
|grp_fu_4553_p_din0                                                   |  out|   32|  ap_ctrl_hs|                          forward_layer<4, 2>_Pipeline_ACCUM_O|  return value|
|grp_fu_4553_p_din1                                                   |  out|   32|  ap_ctrl_hs|                          forward_layer<4, 2>_Pipeline_ACCUM_O|  return value|
|grp_fu_4553_p_opcode                                                 |  out|    1|  ap_ctrl_hs|                          forward_layer<4, 2>_Pipeline_ACCUM_O|  return value|
|grp_fu_4553_p_dout0                                                  |   in|   32|  ap_ctrl_hs|                          forward_layer<4, 2>_Pipeline_ACCUM_O|  return value|
|grp_fu_4553_p_ce                                                     |  out|    1|  ap_ctrl_hs|                          forward_layer<4, 2>_Pipeline_ACCUM_O|  return value|
|grp_fu_4557_p_din0                                                   |  out|   32|  ap_ctrl_hs|                          forward_layer<4, 2>_Pipeline_ACCUM_O|  return value|
|grp_fu_4557_p_din1                                                   |  out|   32|  ap_ctrl_hs|                          forward_layer<4, 2>_Pipeline_ACCUM_O|  return value|
|grp_fu_4557_p_opcode                                                 |  out|    1|  ap_ctrl_hs|                          forward_layer<4, 2>_Pipeline_ACCUM_O|  return value|
|grp_fu_4557_p_dout0                                                  |   in|   32|  ap_ctrl_hs|                          forward_layer<4, 2>_Pipeline_ACCUM_O|  return value|
|grp_fu_4557_p_ce                                                     |  out|    1|  ap_ctrl_hs|                          forward_layer<4, 2>_Pipeline_ACCUM_O|  return value|
|grp_fu_1912_p_din0                                                   |  out|   32|  ap_ctrl_hs|                          forward_layer<4, 2>_Pipeline_ACCUM_O|  return value|
|grp_fu_1912_p_din1                                                   |  out|   32|  ap_ctrl_hs|                          forward_layer<4, 2>_Pipeline_ACCUM_O|  return value|
|grp_fu_1912_p_dout0                                                  |   in|   32|  ap_ctrl_hs|                          forward_layer<4, 2>_Pipeline_ACCUM_O|  return value|
|grp_fu_1912_p_ce                                                     |  out|    1|  ap_ctrl_hs|                          forward_layer<4, 2>_Pipeline_ACCUM_O|  return value|
|grp_fu_4561_p_din0                                                   |  out|   32|  ap_ctrl_hs|                          forward_layer<4, 2>_Pipeline_ACCUM_O|  return value|
|grp_fu_4561_p_din1                                                   |  out|   32|  ap_ctrl_hs|                          forward_layer<4, 2>_Pipeline_ACCUM_O|  return value|
|grp_fu_4561_p_dout0                                                  |   in|   32|  ap_ctrl_hs|                          forward_layer<4, 2>_Pipeline_ACCUM_O|  return value|
|grp_fu_4561_p_ce                                                     |  out|    1|  ap_ctrl_hs|                          forward_layer<4, 2>_Pipeline_ACCUM_O|  return value|
|grp_fu_4565_p_din0                                                   |  out|   32|  ap_ctrl_hs|                          forward_layer<4, 2>_Pipeline_ACCUM_O|  return value|
|grp_fu_4565_p_din1                                                   |  out|   32|  ap_ctrl_hs|                          forward_layer<4, 2>_Pipeline_ACCUM_O|  return value|
|grp_fu_4565_p_dout0                                                  |   in|   32|  ap_ctrl_hs|                          forward_layer<4, 2>_Pipeline_ACCUM_O|  return value|
|grp_fu_4565_p_ce                                                     |  out|    1|  ap_ctrl_hs|                          forward_layer<4, 2>_Pipeline_ACCUM_O|  return value|
|grp_fu_4569_p_din0                                                   |  out|   32|  ap_ctrl_hs|                          forward_layer<4, 2>_Pipeline_ACCUM_O|  return value|
|grp_fu_4569_p_din1                                                   |  out|   32|  ap_ctrl_hs|                          forward_layer<4, 2>_Pipeline_ACCUM_O|  return value|
|grp_fu_4569_p_dout0                                                  |   in|   32|  ap_ctrl_hs|                          forward_layer<4, 2>_Pipeline_ACCUM_O|  return value|
|grp_fu_4569_p_ce                                                     |  out|    1|  ap_ctrl_hs|                          forward_layer<4, 2>_Pipeline_ACCUM_O|  return value|
|grp_fu_4573_p_din0                                                   |  out|   32|  ap_ctrl_hs|                          forward_layer<4, 2>_Pipeline_ACCUM_O|  return value|
|grp_fu_4573_p_din1                                                   |  out|   32|  ap_ctrl_hs|                          forward_layer<4, 2>_Pipeline_ACCUM_O|  return value|
|grp_fu_4573_p_dout0                                                  |   in|   32|  ap_ctrl_hs|                          forward_layer<4, 2>_Pipeline_ACCUM_O|  return value|
|grp_fu_4573_p_ce                                                     |  out|    1|  ap_ctrl_hs|                          forward_layer<4, 2>_Pipeline_ACCUM_O|  return value|
|grp_fu_4577_p_din0                                                   |  out|   32|  ap_ctrl_hs|                          forward_layer<4, 2>_Pipeline_ACCUM_O|  return value|
|grp_fu_4577_p_din1                                                   |  out|   32|  ap_ctrl_hs|                          forward_layer<4, 2>_Pipeline_ACCUM_O|  return value|
|grp_fu_4577_p_dout0                                                  |   in|   32|  ap_ctrl_hs|                          forward_layer<4, 2>_Pipeline_ACCUM_O|  return value|
|grp_fu_4577_p_ce                                                     |  out|    1|  ap_ctrl_hs|                          forward_layer<4, 2>_Pipeline_ACCUM_O|  return value|
|grp_fu_4581_p_din0                                                   |  out|   32|  ap_ctrl_hs|                          forward_layer<4, 2>_Pipeline_ACCUM_O|  return value|
|grp_fu_4581_p_din1                                                   |  out|   32|  ap_ctrl_hs|                          forward_layer<4, 2>_Pipeline_ACCUM_O|  return value|
|grp_fu_4581_p_dout0                                                  |   in|   32|  ap_ctrl_hs|                          forward_layer<4, 2>_Pipeline_ACCUM_O|  return value|
|grp_fu_4581_p_ce                                                     |  out|    1|  ap_ctrl_hs|                          forward_layer<4, 2>_Pipeline_ACCUM_O|  return value|
|grp_fu_4585_p_din0                                                   |  out|   32|  ap_ctrl_hs|                          forward_layer<4, 2>_Pipeline_ACCUM_O|  return value|
|grp_fu_4585_p_din1                                                   |  out|   32|  ap_ctrl_hs|                          forward_layer<4, 2>_Pipeline_ACCUM_O|  return value|
|grp_fu_4585_p_dout0                                                  |   in|   32|  ap_ctrl_hs|                          forward_layer<4, 2>_Pipeline_ACCUM_O|  return value|
|grp_fu_4585_p_ce                                                     |  out|    1|  ap_ctrl_hs|                          forward_layer<4, 2>_Pipeline_ACCUM_O|  return value|
|grp_fu_4589_p_din0                                                   |  out|   32|  ap_ctrl_hs|                          forward_layer<4, 2>_Pipeline_ACCUM_O|  return value|
|grp_fu_4589_p_din1                                                   |  out|   32|  ap_ctrl_hs|                          forward_layer<4, 2>_Pipeline_ACCUM_O|  return value|
|grp_fu_4589_p_dout0                                                  |   in|   32|  ap_ctrl_hs|                          forward_layer<4, 2>_Pipeline_ACCUM_O|  return value|
|grp_fu_4589_p_ce                                                     |  out|    1|  ap_ctrl_hs|                          forward_layer<4, 2>_Pipeline_ACCUM_O|  return value|
|grp_fu_4593_p_din0                                                   |  out|   32|  ap_ctrl_hs|                          forward_layer<4, 2>_Pipeline_ACCUM_O|  return value|
|grp_fu_4593_p_din1                                                   |  out|   32|  ap_ctrl_hs|                          forward_layer<4, 2>_Pipeline_ACCUM_O|  return value|
|grp_fu_4593_p_dout0                                                  |   in|   32|  ap_ctrl_hs|                          forward_layer<4, 2>_Pipeline_ACCUM_O|  return value|
|grp_fu_4593_p_ce                                                     |  out|    1|  ap_ctrl_hs|                          forward_layer<4, 2>_Pipeline_ACCUM_O|  return value|
|grp_fu_4597_p_din0                                                   |  out|   32|  ap_ctrl_hs|                          forward_layer<4, 2>_Pipeline_ACCUM_O|  return value|
|grp_fu_4597_p_din1                                                   |  out|   32|  ap_ctrl_hs|                          forward_layer<4, 2>_Pipeline_ACCUM_O|  return value|
|grp_fu_4597_p_dout0                                                  |   in|   32|  ap_ctrl_hs|                          forward_layer<4, 2>_Pipeline_ACCUM_O|  return value|
|grp_fu_4597_p_ce                                                     |  out|    1|  ap_ctrl_hs|                          forward_layer<4, 2>_Pipeline_ACCUM_O|  return value|
|grp_fu_4601_p_din0                                                   |  out|   32|  ap_ctrl_hs|                          forward_layer<4, 2>_Pipeline_ACCUM_O|  return value|
|grp_fu_4601_p_din1                                                   |  out|   32|  ap_ctrl_hs|                          forward_layer<4, 2>_Pipeline_ACCUM_O|  return value|
|grp_fu_4601_p_dout0                                                  |   in|   32|  ap_ctrl_hs|                          forward_layer<4, 2>_Pipeline_ACCUM_O|  return value|
|grp_fu_4601_p_ce                                                     |  out|    1|  ap_ctrl_hs|                          forward_layer<4, 2>_Pipeline_ACCUM_O|  return value|
|grp_fu_4605_p_din0                                                   |  out|   32|  ap_ctrl_hs|                          forward_layer<4, 2>_Pipeline_ACCUM_O|  return value|
|grp_fu_4605_p_din1                                                   |  out|   32|  ap_ctrl_hs|                          forward_layer<4, 2>_Pipeline_ACCUM_O|  return value|
|grp_fu_4605_p_dout0                                                  |   in|   32|  ap_ctrl_hs|                          forward_layer<4, 2>_Pipeline_ACCUM_O|  return value|
|grp_fu_4605_p_ce                                                     |  out|    1|  ap_ctrl_hs|                          forward_layer<4, 2>_Pipeline_ACCUM_O|  return value|
|grp_fu_4609_p_din0                                                   |  out|   32|  ap_ctrl_hs|                          forward_layer<4, 2>_Pipeline_ACCUM_O|  return value|
|grp_fu_4609_p_din1                                                   |  out|   32|  ap_ctrl_hs|                          forward_layer<4, 2>_Pipeline_ACCUM_O|  return value|
|grp_fu_4609_p_dout0                                                  |   in|   32|  ap_ctrl_hs|                          forward_layer<4, 2>_Pipeline_ACCUM_O|  return value|
|grp_fu_4609_p_ce                                                     |  out|    1|  ap_ctrl_hs|                          forward_layer<4, 2>_Pipeline_ACCUM_O|  return value|
|grp_fu_4613_p_din0                                                   |  out|   32|  ap_ctrl_hs|                          forward_layer<4, 2>_Pipeline_ACCUM_O|  return value|
|grp_fu_4613_p_din1                                                   |  out|   32|  ap_ctrl_hs|                          forward_layer<4, 2>_Pipeline_ACCUM_O|  return value|
|grp_fu_4613_p_dout0                                                  |   in|   32|  ap_ctrl_hs|                          forward_layer<4, 2>_Pipeline_ACCUM_O|  return value|
|grp_fu_4613_p_ce                                                     |  out|    1|  ap_ctrl_hs|                          forward_layer<4, 2>_Pipeline_ACCUM_O|  return value|
|grp_fu_4617_p_din0                                                   |  out|   32|  ap_ctrl_hs|                          forward_layer<4, 2>_Pipeline_ACCUM_O|  return value|
|grp_fu_4617_p_din1                                                   |  out|   32|  ap_ctrl_hs|                          forward_layer<4, 2>_Pipeline_ACCUM_O|  return value|
|grp_fu_4617_p_dout0                                                  |   in|   32|  ap_ctrl_hs|                          forward_layer<4, 2>_Pipeline_ACCUM_O|  return value|
|grp_fu_4617_p_ce                                                     |  out|    1|  ap_ctrl_hs|                          forward_layer<4, 2>_Pipeline_ACCUM_O|  return value|
|k                                                                    |   in|    3|     ap_none|                                                             k|        scalar|
|k_1                                                                  |   in|    3|     ap_none|                                                           k_1|        scalar|
|k_2                                                                  |   in|    3|     ap_none|                                                           k_2|        scalar|
|k_3                                                                  |   in|    3|     ap_none|                                                           k_3|        scalar|
|empty_10                                                             |   in|    8|     ap_none|                                                      empty_10|        scalar|
|empty_11                                                             |   in|    8|     ap_none|                                                      empty_11|        scalar|
|empty_12                                                             |   in|    8|     ap_none|                                                      empty_12|        scalar|
|empty                                                                |   in|    8|     ap_none|                                                         empty|        scalar|
|output_0                                                             |  out|   32|      ap_vld|                                                      output_0|       pointer|
|output_0_ap_vld                                                      |  out|    1|      ap_vld|                                                      output_0|       pointer|
|output_1                                                             |  out|   32|      ap_vld|                                                      output_1|       pointer|
|output_1_ap_vld                                                      |  out|    1|      ap_vld|                                                      output_1|       pointer|
|tmp_9                                                                |   in|   32|     ap_none|                                                         tmp_9|        scalar|
|tmp_8                                                                |   in|   32|     ap_none|                                                         tmp_8|        scalar|
|b0                                                                   |   in|   32|     ap_none|                                                            b0|        scalar|
|tmp_1                                                                |   in|   32|     ap_none|                                                         tmp_1|        scalar|
|tmp_s                                                                |   in|   32|     ap_none|                                                         tmp_s|        scalar|
|b1                                                                   |   in|   32|     ap_none|                                                            b1|        scalar|
|tmp_5                                                                |   in|   32|     ap_none|                                                         tmp_5|        scalar|
|tmp_3                                                                |   in|   32|     ap_none|                                                         tmp_3|        scalar|
|b2                                                                   |   in|   32|     ap_none|                                                            b2|        scalar|
|tmp_10                                                               |   in|   32|     ap_none|                                                        tmp_10|        scalar|
|tmp_7                                                                |   in|   32|     ap_none|                                                         tmp_7|        scalar|
|b3                                                                   |   in|   32|     ap_none|                                                            b3|        scalar|
|tmp_12                                                               |   in|   32|     ap_none|                                                        tmp_12|        scalar|
|tmp_11                                                               |   in|   32|     ap_none|                                                        tmp_11|        scalar|
|b0_1                                                                 |   in|   32|     ap_none|                                                          b0_1|        scalar|
|tmp_14                                                               |   in|   32|     ap_none|                                                        tmp_14|        scalar|
|tmp_13                                                               |   in|   32|     ap_none|                                                        tmp_13|        scalar|
|b1_1                                                                 |   in|   32|     ap_none|                                                          b1_1|        scalar|
|tmp_16                                                               |   in|   32|     ap_none|                                                        tmp_16|        scalar|
|tmp_15                                                               |   in|   32|     ap_none|                                                        tmp_15|        scalar|
|b2_1                                                                 |   in|   32|     ap_none|                                                          b2_1|        scalar|
|tmp_18                                                               |   in|   32|     ap_none|                                                        tmp_18|        scalar|
|tmp_17                                                               |   in|   32|     ap_none|                                                        tmp_17|        scalar|
|b3_1                                                                 |   in|   32|     ap_none|                                                          b3_1|        scalar|
|tmp_20                                                               |   in|   32|     ap_none|                                                        tmp_20|        scalar|
|tmp_19                                                               |   in|   32|     ap_none|                                                        tmp_19|        scalar|
|b0_2                                                                 |   in|   32|     ap_none|                                                          b0_2|        scalar|
|tmp_22                                                               |   in|   32|     ap_none|                                                        tmp_22|        scalar|
|tmp_21                                                               |   in|   32|     ap_none|                                                        tmp_21|        scalar|
|b1_2                                                                 |   in|   32|     ap_none|                                                          b1_2|        scalar|
|tmp_24                                                               |   in|   32|     ap_none|                                                        tmp_24|        scalar|
|tmp_23                                                               |   in|   32|     ap_none|                                                        tmp_23|        scalar|
|b2_2                                                                 |   in|   32|     ap_none|                                                          b2_2|        scalar|
|tmp_26                                                               |   in|   32|     ap_none|                                                        tmp_26|        scalar|
|tmp_25                                                               |   in|   32|     ap_none|                                                        tmp_25|        scalar|
|b3_2                                                                 |   in|   32|     ap_none|                                                          b3_2|        scalar|
|tmp_28                                                               |   in|   32|     ap_none|                                                        tmp_28|        scalar|
|tmp_27                                                               |   in|   32|     ap_none|                                                        tmp_27|        scalar|
|b0_3                                                                 |   in|   32|     ap_none|                                                          b0_3|        scalar|
|tmp_30                                                               |   in|   32|     ap_none|                                                        tmp_30|        scalar|
|tmp_29                                                               |   in|   32|     ap_none|                                                        tmp_29|        scalar|
|b1_3                                                                 |   in|   32|     ap_none|                                                          b1_3|        scalar|
|tmp_32                                                               |   in|   32|     ap_none|                                                        tmp_32|        scalar|
|tmp_31                                                               |   in|   32|     ap_none|                                                        tmp_31|        scalar|
|b2_3                                                                 |   in|   32|     ap_none|                                                          b2_3|        scalar|
|tmp_34                                                               |   in|   32|     ap_none|                                                        tmp_34|        scalar|
|tmp_33                                                               |   in|   32|     ap_none|                                                        tmp_33|        scalar|
|b3_3                                                                 |   in|   32|     ap_none|                                                          b3_3|        scalar|
|eclair_float_const_float_float_const_ap_uint_2_C_k_0_0               |  out|    3|      ap_vld|        eclair_float_const_float_float_const_ap_uint_2_C_k_0_0|       pointer|
|eclair_float_const_float_float_const_ap_uint_2_C_k_0_0_ap_vld        |  out|    1|      ap_vld|        eclair_float_const_float_float_const_ap_uint_2_C_k_0_0|       pointer|
|eclair_float_const_float_float_const_ap_uint_2_C_k_0_1               |  out|    3|      ap_vld|        eclair_float_const_float_float_const_ap_uint_2_C_k_0_1|       pointer|
|eclair_float_const_float_float_const_ap_uint_2_C_k_0_1_ap_vld        |  out|    1|      ap_vld|        eclair_float_const_float_float_const_ap_uint_2_C_k_0_1|       pointer|
|eclair_float_const_float_float_const_ap_uint_2_C_k_0_2               |  out|    3|      ap_vld|        eclair_float_const_float_float_const_ap_uint_2_C_k_0_2|       pointer|
|eclair_float_const_float_float_const_ap_uint_2_C_k_0_2_ap_vld        |  out|    1|      ap_vld|        eclair_float_const_float_float_const_ap_uint_2_C_k_0_2|       pointer|
|eclair_float_const_float_float_const_ap_uint_2_C_k_0_3               |  out|    3|      ap_vld|        eclair_float_const_float_float_const_ap_uint_2_C_k_0_3|       pointer|
|eclair_float_const_float_float_const_ap_uint_2_C_k_0_3_ap_vld        |  out|    1|      ap_vld|        eclair_float_const_float_float_const_ap_uint_2_C_k_0_3|       pointer|
|eclair_float_const_float_float_const_ap_uint_2_C_u_index_0_0         |  out|    8|      ap_vld|  eclair_float_const_float_float_const_ap_uint_2_C_u_index_0_0|       pointer|
|eclair_float_const_float_float_const_ap_uint_2_C_u_index_0_0_ap_vld  |  out|    1|      ap_vld|  eclair_float_const_float_float_const_ap_uint_2_C_u_index_0_0|       pointer|
|eclair_float_const_float_float_const_ap_uint_2_C_u_index_0_1         |  out|    8|      ap_vld|  eclair_float_const_float_float_const_ap_uint_2_C_u_index_0_1|       pointer|
|eclair_float_const_float_float_const_ap_uint_2_C_u_index_0_1_ap_vld  |  out|    1|      ap_vld|  eclair_float_const_float_float_const_ap_uint_2_C_u_index_0_1|       pointer|
|eclair_float_const_float_float_const_ap_uint_2_C_u_index_0_2         |  out|    8|      ap_vld|  eclair_float_const_float_float_const_ap_uint_2_C_u_index_0_2|       pointer|
|eclair_float_const_float_float_const_ap_uint_2_C_u_index_0_2_ap_vld  |  out|    1|      ap_vld|  eclair_float_const_float_float_const_ap_uint_2_C_u_index_0_2|       pointer|
|eclair_float_const_float_float_const_ap_uint_2_C_u_index_0_3         |  out|    8|      ap_vld|  eclair_float_const_float_float_const_ap_uint_2_C_u_index_0_3|       pointer|
|eclair_float_const_float_float_const_ap_uint_2_C_u_index_0_3_ap_vld  |  out|    1|      ap_vld|  eclair_float_const_float_float_const_ap_uint_2_C_u_index_0_3|       pointer|
|eclair_float_const_float_float_const_ap_uint_2_C_k_1_0               |  out|    3|      ap_vld|        eclair_float_const_float_float_const_ap_uint_2_C_k_1_0|       pointer|
|eclair_float_const_float_float_const_ap_uint_2_C_k_1_0_ap_vld        |  out|    1|      ap_vld|        eclair_float_const_float_float_const_ap_uint_2_C_k_1_0|       pointer|
|eclair_float_const_float_float_const_ap_uint_2_C_k_1_1               |  out|    3|      ap_vld|        eclair_float_const_float_float_const_ap_uint_2_C_k_1_1|       pointer|
|eclair_float_const_float_float_const_ap_uint_2_C_k_1_1_ap_vld        |  out|    1|      ap_vld|        eclair_float_const_float_float_const_ap_uint_2_C_k_1_1|       pointer|
|eclair_float_const_float_float_const_ap_uint_2_C_k_1_2               |  out|    3|      ap_vld|        eclair_float_const_float_float_const_ap_uint_2_C_k_1_2|       pointer|
|eclair_float_const_float_float_const_ap_uint_2_C_k_1_2_ap_vld        |  out|    1|      ap_vld|        eclair_float_const_float_float_const_ap_uint_2_C_k_1_2|       pointer|
|eclair_float_const_float_float_const_ap_uint_2_C_k_1_3               |  out|    3|      ap_vld|        eclair_float_const_float_float_const_ap_uint_2_C_k_1_3|       pointer|
|eclair_float_const_float_float_const_ap_uint_2_C_k_1_3_ap_vld        |  out|    1|      ap_vld|        eclair_float_const_float_float_const_ap_uint_2_C_k_1_3|       pointer|
|eclair_float_const_float_float_const_ap_uint_2_C_u_index_1_0         |  out|    8|      ap_vld|  eclair_float_const_float_float_const_ap_uint_2_C_u_index_1_0|       pointer|
|eclair_float_const_float_float_const_ap_uint_2_C_u_index_1_0_ap_vld  |  out|    1|      ap_vld|  eclair_float_const_float_float_const_ap_uint_2_C_u_index_1_0|       pointer|
|eclair_float_const_float_float_const_ap_uint_2_C_u_index_1_1         |  out|    8|      ap_vld|  eclair_float_const_float_float_const_ap_uint_2_C_u_index_1_1|       pointer|
|eclair_float_const_float_float_const_ap_uint_2_C_u_index_1_1_ap_vld  |  out|    1|      ap_vld|  eclair_float_const_float_float_const_ap_uint_2_C_u_index_1_1|       pointer|
|eclair_float_const_float_float_const_ap_uint_2_C_u_index_1_2         |  out|    8|      ap_vld|  eclair_float_const_float_float_const_ap_uint_2_C_u_index_1_2|       pointer|
|eclair_float_const_float_float_const_ap_uint_2_C_u_index_1_2_ap_vld  |  out|    1|      ap_vld|  eclair_float_const_float_float_const_ap_uint_2_C_u_index_1_2|       pointer|
|eclair_float_const_float_float_const_ap_uint_2_C_u_index_1_3         |  out|    8|      ap_vld|  eclair_float_const_float_float_const_ap_uint_2_C_u_index_1_3|       pointer|
|eclair_float_const_float_float_const_ap_uint_2_C_u_index_1_3_ap_vld  |  out|    1|      ap_vld|  eclair_float_const_float_float_const_ap_uint_2_C_u_index_1_3|       pointer|
+---------------------------------------------------------------------+-----+-----+------------+--------------------------------------------------------------+--------------+

