================================================================
== Design Size Report
================================================================

* Total Instructions per Compilation Phase
+---------------+-----------------------------+--------------+----------------------------------------------------------------------------------------+
| Phase         | Step                        | Instructions | Description                                                                            |
+---------------+-----------------------------+--------------+----------------------------------------------------------------------------------------+
| Compile/Link  |                             |  7,774       | After all functions are compiled and linked into a single design                       |
|               |                             |              |                                                                                        |
| Unroll/Inline |                             |              | After user unroll and inline pragmas are applied                                       |
|               | (1) unroll                  | 44,208       | user unroll pragmas are applied                                                        |
|               | (2) simplification          | 24,410       | simplification of applied user unroll pragmas                                          |
|               | (3) inline                  | 24,015       | user inline pragmas are applied                                                        |
|               | (4) simplification          | 22,816       | simplification of applied user inline pragmas                                          |
|               |                             |              |                                                                                        |
| Array/Struct  |                             |              | After user array partition and struct aggregate/disaggregate pragmas are applied       |
|               | (1) array partition         | 22,816       | user array partition pragmas are applied                                               |
|               | (2) simplification          | 22,816       | simplification of applied user array partition & struct aggregate/disaggregate pragmas |
|               | (3) aggregate/disaggregate  | 22,816       | user struct aggregate/disaggregate pragmas are applied                                 |
|               | (4) array reshape           | 22,816       | apply array reshape pragmas                                                            |
|               | (5) access patterns         | 22,816       | array access pattern optmizations                                                      |
|               |                             |              |                                                                                        |
| Performance   |                             |              | After transformations are applied to meet performance pragma targets                   |
|               | (1) loop simplification     | 22,816       | loop and instruction simplification                                                    |
|               | (2) parallelization         | 22,816       | loops are unrolled or pipelined to meet performance targets                            |
|               | (3) array partition         | 22,816       | arrays are partitioned to meet performance targets                                     |
|               | (4) simplification          | 22,816       | simplification of design after performance transformations                             |
|               |                             |              |                                                                                        |
| HW Transforms |                             |              | After hardware transfomations                                                          |
|               | (1) lowering                | 22,823       | initial conversion to HW specific instructions                                         |
|               | (2) optimizations           | 22,832       | high level synthesis optimizations                                                     |
+---------------+-----------------------------+--------------+----------------------------------------------------------------------------------------+

* Instructions per Function for each Compilation Phase
+------------------------------------+------------------+--------------+---------------+--------------+-------------+---------------+
| Function                           | Location         | Compile/Link | Unroll/Inline | Array/Struct | Performance | HW Transforms |
+------------------------------------+------------------+--------------+---------------+--------------+-------------+---------------+
| + mlp                              | mlp.cpp:5        | 7,774        | 22,816        | 22,816       | 22,816      | 22,832        |
|    backward_output<128, 1, ap_f... | components.h:194 | 2,576        | 15,623        | 15,624       | 15,623      | 15,623        |
|  + backward_input<1, 128, ap_fi... | components.h:96  | 2,997        |   199         |   199        |   199       |   203         |
|     relu_grad                      | components.h:13  |  934         |               |              |             |               |
|  + forward_layer<1, 128>           | components.h:19  | 1,396        |               |              |             |               |
|     relu                           | components.h:8   |  632         |               |              |             |               |
|    forward_output_layer<128, 1>... | components.h:56  |  750         | 6,914         | 6,915        | 6,915       | 6,915         |
+------------------------------------+------------------+--------------+---------------+--------------+-------------+---------------+

* Design Size Message Settings
+---------------------------------------------+--------+------------------------------------------------------------------+
| Message Setting                             | Value  | Description                                                      |
+---------------------------------------------+--------+------------------------------------------------------------------+
| config_compile -design_size_maximum_warning | 100000 | Show a warning when total design instructions exceeds this value |
+---------------------------------------------+--------+------------------------------------------------------------------+


